<?xml version="1.0" encoding="utf-8"?>
<TestRun id="b6305748-126a-4181-b53e-17da9013ed65" name="@multiroom-audio 2026-02-21 23:50:17" xmlns="http://microsoft.com/schemas/VisualStudio/TeamTest/2010">
  <Times creation="2026-02-21T23:50:17.5319246+01:00" queuing="2026-02-21T23:50:17.5319247+01:00" start="2026-02-21T23:50:15.3781034+01:00" finish="2026-02-21T23:50:29.7541456+01:00" />
  <TestSettings name="default" id="46ce6677-9a45-43c8-85e9-172cf0c488fa">
    <Deployment runDeploymentRoot="_multiroom-audio_2026-02-21_23_50_17" />
  </TestSettings>
  <Results>
    <UnitTestResult executionId="e760b1e0-bf87-480b-a58e-3a8c335f2201" testId="048b5c70-0487-6884-396e-36bf9dfbf048" testName="MultiRoomAudio.E2ETests.TriggersE2ETests.TriggerChannel_HasSinkSelector" computerName="multiroom-audio" duration="00:00:00.0010000" startTime="2026-02-21T23:50:29.6587411+01:00" endTime="2026-02-21T23:50:29.6587412+01:00" testType="13cdc9d9-ddb5-4fa4-a97d-d965ccfc6d4b" outcome="Failed" testListId="8c84fa94-04c1-424b-9868-57a2d4851a1d" relativeResultsDirectory="e760b1e0-bf87-480b-a58e-3a8c335f2201">
      <Output>
        <ErrorInfo>
          <Message>Microsoft.Playwright.PlaywrightException : Connection disposed</Message>
          <StackTrace>   at Microsoft.Playwright.Transport.Connection.InnerSendMessageToServerAsync[T](String guid, String method, Object args) in /_/src/Playwright/Transport/Connection.cs:line 108
   at Microsoft.Playwright.Transport.Connection.WrapApiCallAsync[T](Func`1 action, Boolean isInternal) in /_/src/Playwright/Transport/Connection.cs:line 482
   at Microsoft.Playwright.Core.Browser.NewContextAsync(BrowserNewContextOptions options) in /_/src/Playwright/Core/Browser.cs:line 98
   at MultiRoomAudio.E2ETests.PlaywrightFixture.&lt;CreatePageAsync&gt;b__10_0() in /opt/multiroom-repo/tests/E2EProject/PlaywrightFixture.cs:line 23
   at MultiRoomAudio.E2ETests.TriggersE2ETests.InitializeAsync() in /opt/multiroom-repo/tests/E2EProject/TriggersE2ETests.cs:line 23</StackTrace>
        </ErrorInfo>
      </Output>
    </UnitTestResult>
    <UnitTestResult executionId="d0e48d34-d5e2-49f5-a8bd-922ff85227c5" testId="d66f3c1a-6733-66bb-e2f6-54f419cb69f9" testName="MultiRoomAudio.E2ETests.TriggersE2ETests.TriggerChannel_HasDelayInput" computerName="multiroom-audio" duration="00:00:00.0010000" startTime="2026-02-21T23:50:29.6289249+01:00" endTime="2026-02-21T23:50:29.6289249+01:00" testType="13cdc9d9-ddb5-4fa4-a97d-d965ccfc6d4b" outcome="Failed" testListId="8c84fa94-04c1-424b-9868-57a2d4851a1d" relativeResultsDirectory="d0e48d34-d5e2-49f5-a8bd-922ff85227c5">
      <Output>
        <ErrorInfo>
          <Message>Microsoft.Playwright.PlaywrightException : Connection disposed</Message>
          <StackTrace>   at Microsoft.Playwright.Transport.Connection.InnerSendMessageToServerAsync[T](String guid, String method, Object args) in /_/src/Playwright/Transport/Connection.cs:line 108
   at Microsoft.Playwright.Transport.Connection.WrapApiCallAsync[T](Func`1 action, Boolean isInternal) in /_/src/Playwright/Transport/Connection.cs:line 482
   at Microsoft.Playwright.Core.Browser.NewContextAsync(BrowserNewContextOptions options) in /_/src/Playwright/Core/Browser.cs:line 98
   at MultiRoomAudio.E2ETests.PlaywrightFixture.&lt;CreatePageAsync&gt;b__10_0() in /opt/multiroom-repo/tests/E2EProject/PlaywrightFixture.cs:line 23
   at MultiRoomAudio.E2ETests.TriggersE2ETests.InitializeAsync() in /opt/multiroom-repo/tests/E2EProject/TriggersE2ETests.cs:line 23</StackTrace>
        </ErrorInfo>
      </Output>
    </UnitTestResult>
    <UnitTestResult executionId="f857510b-5081-465c-8469-4f13d2cb9889" testId="f3d7d72f-15f7-03e5-6ef6-8d7b479c90dd" testName="MultiRoomAudio.E2ETests.TriggersE2ETests.TriggerChannelMapping_ToCustomSink_Works" computerName="multiroom-audio" duration="00:00:00.0010000" startTime="2026-02-21T23:50:29.6542514+01:00" endTime="2026-02-21T23:50:29.6542519+01:00" testType="13cdc9d9-ddb5-4fa4-a97d-d965ccfc6d4b" outcome="Failed" testListId="8c84fa94-04c1-424b-9868-57a2d4851a1d" relativeResultsDirectory="f857510b-5081-465c-8469-4f13d2cb9889">
      <Output>
        <ErrorInfo>
          <Message>Microsoft.Playwright.PlaywrightException : Connection disposed</Message>
          <StackTrace>   at Microsoft.Playwright.Transport.Connection.InnerSendMessageToServerAsync[T](String guid, String method, Object args) in /_/src/Playwright/Transport/Connection.cs:line 108
   at Microsoft.Playwright.Transport.Connection.WrapApiCallAsync[T](Func`1 action, Boolean isInternal) in /_/src/Playwright/Transport/Connection.cs:line 482
   at Microsoft.Playwright.Core.Browser.NewContextAsync(BrowserNewContextOptions options) in /_/src/Playwright/Core/Browser.cs:line 98
   at MultiRoomAudio.E2ETests.PlaywrightFixture.&lt;CreatePageAsync&gt;b__10_0() in /opt/multiroom-repo/tests/E2EProject/PlaywrightFixture.cs:line 23
   at MultiRoomAudio.E2ETests.TriggersE2ETests.InitializeAsync() in /opt/multiroom-repo/tests/E2EProject/TriggersE2ETests.cs:line 23</StackTrace>
        </ErrorInfo>
      </Output>
    </UnitTestResult>
    <UnitTestResult executionId="5f1b0c18-2b53-45d4-87ac-85e85a3adac5" testId="7aad2193-14bc-3d67-9ac5-9e8630ad6b77" testName="MultiRoomAudio.E2ETests.TriggersE2ETests.TriggerOffDelay_RejectsNegativeValues" computerName="multiroom-audio" duration="00:00:00.0010000" startTime="2026-02-21T23:50:29.6301894+01:00" endTime="2026-02-21T23:50:29.6301895+01:00" testType="13cdc9d9-ddb5-4fa4-a97d-d965ccfc6d4b" outcome="Failed" testListId="8c84fa94-04c1-424b-9868-57a2d4851a1d" relativeResultsDirectory="5f1b0c18-2b53-45d4-87ac-85e85a3adac5">
      <Output>
        <ErrorInfo>
          <Message>Microsoft.Playwright.PlaywrightException : Connection disposed</Message>
          <StackTrace>   at Microsoft.Playwright.Transport.Connection.InnerSendMessageToServerAsync[T](String guid, String method, Object args) in /_/src/Playwright/Transport/Connection.cs:line 108
   at Microsoft.Playwright.Transport.Connection.WrapApiCallAsync[T](Func`1 action, Boolean isInternal) in /_/src/Playwright/Transport/Connection.cs:line 482
   at Microsoft.Playwright.Core.Browser.NewContextAsync(BrowserNewContextOptions options) in /_/src/Playwright/Core/Browser.cs:line 98
   at MultiRoomAudio.E2ETests.PlaywrightFixture.&lt;CreatePageAsync&gt;b__10_0() in /opt/multiroom-repo/tests/E2EProject/PlaywrightFixture.cs:line 23
   at MultiRoomAudio.E2ETests.TriggersE2ETests.InitializeAsync() in /opt/multiroom-repo/tests/E2EProject/TriggersE2ETests.cs:line 23</StackTrace>
        </ErrorInfo>
      </Output>
    </UnitTestResult>
    <UnitTestResult executionId="dfb6f3b2-dff7-4ff9-9d08-cdf5d6b73e6e" testId="afe6e088-eaa2-ba2e-3152-bfd171fa6fad" testName="MultiRoomAudio.E2ETests.TriggersE2ETests.TriggerStatus_UpdatesInRealTime" computerName="multiroom-audio" duration="00:00:00.0010000" startTime="2026-02-21T23:50:29.6331238+01:00" endTime="2026-02-21T23:50:29.6331239+01:00" testType="13cdc9d9-ddb5-4fa4-a97d-d965ccfc6d4b" outcome="Failed" testListId="8c84fa94-04c1-424b-9868-57a2d4851a1d" relativeResultsDirectory="dfb6f3b2-dff7-4ff9-9d08-cdf5d6b73e6e">
      <Output>
        <ErrorInfo>
          <Message>Microsoft.Playwright.PlaywrightException : Connection disposed</Message>
          <StackTrace>   at Microsoft.Playwright.Transport.Connection.InnerSendMessageToServerAsync[T](String guid, String method, Object args) in /_/src/Playwright/Transport/Connection.cs:line 108
   at Microsoft.Playwright.Transport.Connection.WrapApiCallAsync[T](Func`1 action, Boolean isInternal) in /_/src/Playwright/Transport/Connection.cs:line 482
   at Microsoft.Playwright.Core.Browser.NewContextAsync(BrowserNewContextOptions options) in /_/src/Playwright/Core/Browser.cs:line 98
   at MultiRoomAudio.E2ETests.PlaywrightFixture.&lt;CreatePageAsync&gt;b__10_0() in /opt/multiroom-repo/tests/E2EProject/PlaywrightFixture.cs:line 23
   at MultiRoomAudio.E2ETests.TriggersE2ETests.InitializeAsync() in /opt/multiroom-repo/tests/E2EProject/TriggersE2ETests.cs:line 23</StackTrace>
        </ErrorInfo>
      </Output>
    </UnitTestResult>
    <UnitTestResult executionId="ed822cca-82fa-4ab9-abbe-40f6adc07d0b" testId="f70c8e97-41eb-b17f-92e9-e2235077ef07" testName="MultiRoomAudio.E2ETests.CustomSinksE2ETests.OpenRemapSinkForm_HasChannelMappingUI" computerName="multiroom-audio" duration="00:00:00.0010000" startTime="2026-02-21T23:50:29.6162557+01:00" endTime="2026-02-21T23:50:29.6162558+01:00" testType="13cdc9d9-ddb5-4fa4-a97d-d965ccfc6d4b" outcome="Failed" testListId="8c84fa94-04c1-424b-9868-57a2d4851a1d" relativeResultsDirectory="ed822cca-82fa-4ab9-abbe-40f6adc07d0b">
      <Output>
        <ErrorInfo>
          <Message>Microsoft.Playwright.PlaywrightException : Connection disposed</Message>
          <StackTrace>   at Microsoft.Playwright.Transport.Connection.InnerSendMessageToServerAsync[T](String guid, String method, Object args) in /_/src/Playwright/Transport/Connection.cs:line 108
   at Microsoft.Playwright.Transport.Connection.WrapApiCallAsync[T](Func`1 action, Boolean isInternal) in /_/src/Playwright/Transport/Connection.cs:line 482
   at Microsoft.Playwright.Core.Browser.NewContextAsync(BrowserNewContextOptions options) in /_/src/Playwright/Core/Browser.cs:line 98
   at MultiRoomAudio.E2ETests.PlaywrightFixture.&lt;CreatePageAsync&gt;b__10_0() in /opt/multiroom-repo/tests/E2EProject/PlaywrightFixture.cs:line 23
   at MultiRoomAudio.E2ETests.CustomSinksE2ETests.InitializeAsync() in /opt/multiroom-repo/tests/E2EProject/CustomSinksE2ETests.cs:line 23</StackTrace>
        </ErrorInfo>
      </Output>
    </UnitTestResult>
    <UnitTestResult executionId="6baef76d-f7be-4888-aeda-e693f709e0aa" testId="e09f12bd-db58-e528-5340-7d1e4ba80472" testName="MultiRoomAudio.E2ETests.CustomSinksE2ETests.DeleteSink_ViaUI_RemovesFromList" computerName="multiroom-audio" duration="00:00:00.0010000" startTime="2026-02-21T23:50:29.6157483+01:00" endTime="2026-02-21T23:50:29.6157484+01:00" testType="13cdc9d9-ddb5-4fa4-a97d-d965ccfc6d4b" outcome="Failed" testListId="8c84fa94-04c1-424b-9868-57a2d4851a1d" relativeResultsDirectory="6baef76d-f7be-4888-aeda-e693f709e0aa">
      <Output>
        <ErrorInfo>
          <Message>Microsoft.Playwright.PlaywrightException : Connection disposed</Message>
          <StackTrace>   at Microsoft.Playwright.Transport.Connection.InnerSendMessageToServerAsync[T](String guid, String method, Object args) in /_/src/Playwright/Transport/Connection.cs:line 108
   at Microsoft.Playwright.Transport.Connection.WrapApiCallAsync[T](Func`1 action, Boolean isInternal) in /_/src/Playwright/Transport/Connection.cs:line 482
   at Microsoft.Playwright.Core.Browser.NewContextAsync(BrowserNewContextOptions options) in /_/src/Playwright/Core/Browser.cs:line 98
   at MultiRoomAudio.E2ETests.PlaywrightFixture.&lt;CreatePageAsync&gt;b__10_0() in /opt/multiroom-repo/tests/E2EProject/PlaywrightFixture.cs:line 23
   at MultiRoomAudio.E2ETests.CustomSinksE2ETests.InitializeAsync() in /opt/multiroom-repo/tests/E2EProject/CustomSinksE2ETests.cs:line 23</StackTrace>
        </ErrorInfo>
      </Output>
    </UnitTestResult>
    <UnitTestResult executionId="e208f8e1-018c-4043-9929-58d49b0f4de3" testId="e8e5d6e5-ede2-a9e4-0c80-3e1374cfcec5" testName="MultiRoomAudio.E2ETests.TriggersE2ETests.TriggerOffDelay_AcceptsValidValues" computerName="multiroom-audio" duration="00:00:00.0010000" startTime="2026-02-21T23:50:29.6654921+01:00" endTime="2026-02-21T23:50:29.6654922+01:00" testType="13cdc9d9-ddb5-4fa4-a97d-d965ccfc6d4b" outcome="Failed" testListId="8c84fa94-04c1-424b-9868-57a2d4851a1d" relativeResultsDirectory="e208f8e1-018c-4043-9929-58d49b0f4de3">
      <Output>
        <ErrorInfo>
          <Message>Microsoft.Playwright.PlaywrightException : Connection disposed</Message>
          <StackTrace>   at Microsoft.Playwright.Transport.Connection.InnerSendMessageToServerAsync[T](String guid, String method, Object args) in /_/src/Playwright/Transport/Connection.cs:line 108
   at Microsoft.Playwright.Transport.Connection.WrapApiCallAsync[T](Func`1 action, Boolean isInternal) in /_/src/Playwright/Transport/Connection.cs:line 482
   at Microsoft.Playwright.Core.Browser.NewContextAsync(BrowserNewContextOptions options) in /_/src/Playwright/Core/Browser.cs:line 98
   at MultiRoomAudio.E2ETests.PlaywrightFixture.&lt;CreatePageAsync&gt;b__10_0() in /opt/multiroom-repo/tests/E2EProject/PlaywrightFixture.cs:line 23
   at MultiRoomAudio.E2ETests.TriggersE2ETests.InitializeAsync() in /opt/multiroom-repo/tests/E2EProject/TriggersE2ETests.cs:line 23</StackTrace>
        </ErrorInfo>
      </Output>
    </UnitTestResult>
    <UnitTestResult executionId="1eb55ff0-bab0-4c70-959b-fcb15b29d61d" testId="cc9a8707-1371-9ddb-1c2f-9dd411daddcf" testName="MultiRoomAudio.E2ETests.CustomSinksE2ETests.CreatePlayerWithCustomSink_ViaUI_HandledGracefully" computerName="multiroom-audio" duration="00:00:03.2149780" startTime="2026-02-21T23:50:20.8296724+01:00" endTime="2026-02-21T23:50:20.8296725+01:00" testType="13cdc9d9-ddb5-4fa4-a97d-d965ccfc6d4b" outcome="Passed" testListId="8c84fa94-04c1-424b-9868-57a2d4851a1d" relativeResultsDirectory="1eb55ff0-bab0-4c70-959b-fcb15b29d61d" />
    <UnitTestResult executionId="80f11d9c-7543-4c0f-ae5e-1ebbf91dc315" testId="ad99b9ac-f24d-ebc6-9ea1-ea06d8930582" testName="MultiRoomAudio.E2ETests.TriggersE2ETests.TriggerConfig_ShowsValidationErrors" computerName="multiroom-audio" duration="00:00:00.0010000" startTime="2026-02-21T23:50:29.6483789+01:00" endTime="2026-02-21T23:50:29.6483790+01:00" testType="13cdc9d9-ddb5-4fa4-a97d-d965ccfc6d4b" outcome="Failed" testListId="8c84fa94-04c1-424b-9868-57a2d4851a1d" relativeResultsDirectory="80f11d9c-7543-4c0f-ae5e-1ebbf91dc315">
      <Output>
        <ErrorInfo>
          <Message>Microsoft.Playwright.PlaywrightException : Connection disposed</Message>
          <StackTrace>   at Microsoft.Playwright.Transport.Connection.InnerSendMessageToServerAsync[T](String guid, String method, Object args) in /_/src/Playwright/Transport/Connection.cs:line 108
   at Microsoft.Playwright.Transport.Connection.WrapApiCallAsync[T](Func`1 action, Boolean isInternal) in /_/src/Playwright/Transport/Connection.cs:line 482
   at Microsoft.Playwright.Core.Browser.NewContextAsync(BrowserNewContextOptions options) in /_/src/Playwright/Core/Browser.cs:line 98
   at MultiRoomAudio.E2ETests.PlaywrightFixture.&lt;CreatePageAsync&gt;b__10_0() in /opt/multiroom-repo/tests/E2EProject/PlaywrightFixture.cs:line 23
   at MultiRoomAudio.E2ETests.TriggersE2ETests.InitializeAsync() in /opt/multiroom-repo/tests/E2EProject/TriggersE2ETests.cs:line 23</StackTrace>
        </ErrorInfo>
      </Output>
    </UnitTestResult>
    <UnitTestResult executionId="5ebfb389-1a7d-4ad8-bea2-e2f8089ccf90" testId="54edb374-24db-ec8e-d662-04af5560ac9a" testName="MultiRoomAudio.E2ETests.CustomSinksE2ETests.CreateCombineSink_ViaAPI_AppearsInUI" computerName="multiroom-audio" duration="00:00:00.0010000" startTime="2026-02-21T23:50:29.6166089+01:00" endTime="2026-02-21T23:50:29.6166090+01:00" testType="13cdc9d9-ddb5-4fa4-a97d-d965ccfc6d4b" outcome="Failed" testListId="8c84fa94-04c1-424b-9868-57a2d4851a1d" relativeResultsDirectory="5ebfb389-1a7d-4ad8-bea2-e2f8089ccf90">
      <Output>
        <ErrorInfo>
          <Message>Microsoft.Playwright.PlaywrightException : Connection disposed</Message>
          <StackTrace>   at Microsoft.Playwright.Transport.Connection.InnerSendMessageToServerAsync[T](String guid, String method, Object args) in /_/src/Playwright/Transport/Connection.cs:line 108
   at Microsoft.Playwright.Transport.Connection.WrapApiCallAsync[T](Func`1 action, Boolean isInternal) in /_/src/Playwright/Transport/Connection.cs:line 482
   at Microsoft.Playwright.Core.Browser.NewContextAsync(BrowserNewContextOptions options) in /_/src/Playwright/Core/Browser.cs:line 98
   at MultiRoomAudio.E2ETests.PlaywrightFixture.&lt;CreatePageAsync&gt;b__10_0() in /opt/multiroom-repo/tests/E2EProject/PlaywrightFixture.cs:line 23
   at MultiRoomAudio.E2ETests.CustomSinksE2ETests.InitializeAsync() in /opt/multiroom-repo/tests/E2EProject/CustomSinksE2ETests.cs:line 23</StackTrace>
        </ErrorInfo>
      </Output>
    </UnitTestResult>
    <UnitTestResult executionId="1f62e1da-463b-4d99-8187-812934a929f4" testId="417be7b5-1569-3a4b-234e-d08b99c4301c" testName="MultiRoomAudio.E2ETests.TriggersE2ETests.TriggerMasterToggle_EnablesDisables" computerName="multiroom-audio" duration="00:00:00.0010000" startTime="2026-02-21T23:50:29.6511624+01:00" endTime="2026-02-21T23:50:29.6511625+01:00" testType="13cdc9d9-ddb5-4fa4-a97d-d965ccfc6d4b" outcome="Failed" testListId="8c84fa94-04c1-424b-9868-57a2d4851a1d" relativeResultsDirectory="1f62e1da-463b-4d99-8187-812934a929f4">
      <Output>
        <ErrorInfo>
          <Message>Microsoft.Playwright.PlaywrightException : Connection disposed</Message>
          <StackTrace>   at Microsoft.Playwright.Transport.Connection.InnerSendMessageToServerAsync[T](String guid, String method, Object args) in /_/src/Playwright/Transport/Connection.cs:line 108
   at Microsoft.Playwright.Transport.Connection.WrapApiCallAsync[T](Func`1 action, Boolean isInternal) in /_/src/Playwright/Transport/Connection.cs:line 482
   at Microsoft.Playwright.Core.Browser.NewContextAsync(BrowserNewContextOptions options) in /_/src/Playwright/Core/Browser.cs:line 98
   at MultiRoomAudio.E2ETests.PlaywrightFixture.&lt;CreatePageAsync&gt;b__10_0() in /opt/multiroom-repo/tests/E2EProject/PlaywrightFixture.cs:line 23
   at MultiRoomAudio.E2ETests.TriggersE2ETests.InitializeAsync() in /opt/multiroom-repo/tests/E2EProject/TriggersE2ETests.cs:line 23</StackTrace>
        </ErrorInfo>
      </Output>
    </UnitTestResult>
    <UnitTestResult executionId="66eff3b1-9d7a-4331-b27b-eddca4d9d9b8" testId="655b7bb1-49d5-5597-f259-f9f5b67776b2" testName="MultiRoomAudio.E2ETests.CustomSinksE2ETests.CreateRemapSink_ViaAPI_AppearsInUI" computerName="multiroom-audio" duration="00:00:00.0010000" startTime="2026-02-21T23:50:29.6244809+01:00" endTime="2026-02-21T23:50:29.6244810+01:00" testType="13cdc9d9-ddb5-4fa4-a97d-d965ccfc6d4b" outcome="Failed" testListId="8c84fa94-04c1-424b-9868-57a2d4851a1d" relativeResultsDirectory="66eff3b1-9d7a-4331-b27b-eddca4d9d9b8">
      <Output>
        <ErrorInfo>
          <Message>Microsoft.Playwright.PlaywrightException : Connection disposed</Message>
          <StackTrace>   at Microsoft.Playwright.Transport.Connection.InnerSendMessageToServerAsync[T](String guid, String method, Object args) in /_/src/Playwright/Transport/Connection.cs:line 108
   at Microsoft.Playwright.Transport.Connection.WrapApiCallAsync[T](Func`1 action, Boolean isInternal) in /_/src/Playwright/Transport/Connection.cs:line 482
   at Microsoft.Playwright.Core.Browser.NewContextAsync(BrowserNewContextOptions options) in /_/src/Playwright/Core/Browser.cs:line 98
   at MultiRoomAudio.E2ETests.PlaywrightFixture.&lt;CreatePageAsync&gt;b__10_0() in /opt/multiroom-repo/tests/E2EProject/PlaywrightFixture.cs:line 23
   at MultiRoomAudio.E2ETests.CustomSinksE2ETests.InitializeAsync() in /opt/multiroom-repo/tests/E2EProject/CustomSinksE2ETests.cs:line 23</StackTrace>
        </ErrorInfo>
      </Output>
    </UnitTestResult>
    <UnitTestResult executionId="7373dcba-e2e9-4267-9a61-c2c10b964545" testId="f1df4d1f-b290-4b59-9acc-e89aa7d002af" testName="MultiRoomAudio.E2ETests.CustomSinksE2ETests.PlayTestTone_ButtonExists" computerName="multiroom-audio" duration="00:00:00.0010000" startTime="2026-02-21T23:50:29.6237353+01:00" endTime="2026-02-21T23:50:29.6237354+01:00" testType="13cdc9d9-ddb5-4fa4-a97d-d965ccfc6d4b" outcome="Failed" testListId="8c84fa94-04c1-424b-9868-57a2d4851a1d" relativeResultsDirectory="7373dcba-e2e9-4267-9a61-c2c10b964545">
      <Output>
        <ErrorInfo>
          <Message>Microsoft.Playwright.PlaywrightException : Connection disposed</Message>
          <StackTrace>   at Microsoft.Playwright.Transport.Connection.InnerSendMessageToServerAsync[T](String guid, String method, Object args) in /_/src/Playwright/Transport/Connection.cs:line 108
   at Microsoft.Playwright.Transport.Connection.WrapApiCallAsync[T](Func`1 action, Boolean isInternal) in /_/src/Playwright/Transport/Connection.cs:line 482
   at Microsoft.Playwright.Core.Browser.NewContextAsync(BrowserNewContextOptions options) in /_/src/Playwright/Core/Browser.cs:line 98
   at MultiRoomAudio.E2ETests.PlaywrightFixture.&lt;CreatePageAsync&gt;b__10_0() in /opt/multiroom-repo/tests/E2EProject/PlaywrightFixture.cs:line 23
   at MultiRoomAudio.E2ETests.CustomSinksE2ETests.InitializeAsync() in /opt/multiroom-repo/tests/E2EProject/CustomSinksE2ETests.cs:line 23</StackTrace>
        </ErrorInfo>
      </Output>
    </UnitTestResult>
    <UnitTestResult executionId="c316d918-a411-4324-8355-1d5dea951664" testId="399755f4-4185-32bd-8cf7-d78ff8d1b058" testName="MultiRoomAudio.E2ETests.TriggersE2ETests.TriggersSection_VisibleInCustomSinksModal" computerName="multiroom-audio" duration="00:00:00.0010000" startTime="2026-02-21T23:50:29.6353838+01:00" endTime="2026-02-21T23:50:29.6353839+01:00" testType="13cdc9d9-ddb5-4fa4-a97d-d965ccfc6d4b" outcome="Failed" testListId="8c84fa94-04c1-424b-9868-57a2d4851a1d" relativeResultsDirectory="c316d918-a411-4324-8355-1d5dea951664">
      <Output>
        <ErrorInfo>
          <Message>Microsoft.Playwright.PlaywrightException : Connection disposed</Message>
          <StackTrace>   at Microsoft.Playwright.Transport.Connection.InnerSendMessageToServerAsync[T](String guid, String method, Object args) in /_/src/Playwright/Transport/Connection.cs:line 108
   at Microsoft.Playwright.Transport.Connection.WrapApiCallAsync[T](Func`1 action, Boolean isInternal) in /_/src/Playwright/Transport/Connection.cs:line 482
   at Microsoft.Playwright.Core.Browser.NewContextAsync(BrowserNewContextOptions options) in /_/src/Playwright/Core/Browser.cs:line 98
   at MultiRoomAudio.E2ETests.PlaywrightFixture.&lt;CreatePageAsync&gt;b__10_0() in /opt/multiroom-repo/tests/E2EProject/PlaywrightFixture.cs:line 23
   at MultiRoomAudio.E2ETests.TriggersE2ETests.InitializeAsync() in /opt/multiroom-repo/tests/E2EProject/TriggersE2ETests.cs:line 23</StackTrace>
        </ErrorInfo>
      </Output>
    </UnitTestResult>
    <UnitTestResult executionId="ab523112-f76e-4bbd-9390-8d33f4d83a31" testId="6f7a7f03-77af-7ad8-b1d1-0e9d9a667a61" testName="MultiRoomAudio.E2ETests.TriggersE2ETests.ConfigureTrigger_ViaAPI_Succeeds" computerName="multiroom-audio" duration="00:00:00.0010000" startTime="2026-02-21T23:50:29.6282512+01:00" endTime="2026-02-21T23:50:29.6282512+01:00" testType="13cdc9d9-ddb5-4fa4-a97d-d965ccfc6d4b" outcome="Failed" testListId="8c84fa94-04c1-424b-9868-57a2d4851a1d" relativeResultsDirectory="ab523112-f76e-4bbd-9390-8d33f4d83a31">
      <Output>
        <ErrorInfo>
          <Message>Microsoft.Playwright.PlaywrightException : Connection disposed</Message>
          <StackTrace>   at Microsoft.Playwright.Transport.Connection.InnerSendMessageToServerAsync[T](String guid, String method, Object args) in /_/src/Playwright/Transport/Connection.cs:line 108
   at Microsoft.Playwright.Transport.Connection.WrapApiCallAsync[T](Func`1 action, Boolean isInternal) in /_/src/Playwright/Transport/Connection.cs:line 482
   at Microsoft.Playwright.Core.Browser.NewContextAsync(BrowserNewContextOptions options) in /_/src/Playwright/Core/Browser.cs:line 98
   at MultiRoomAudio.E2ETests.PlaywrightFixture.&lt;CreatePageAsync&gt;b__10_0() in /opt/multiroom-repo/tests/E2EProject/PlaywrightFixture.cs:line 23
   at MultiRoomAudio.E2ETests.TriggersE2ETests.InitializeAsync() in /opt/multiroom-repo/tests/E2EProject/TriggersE2ETests.cs:line 23</StackTrace>
        </ErrorInfo>
      </Output>
    </UnitTestResult>
    <UnitTestResult executionId="3f4d3c99-84ca-437b-b23d-3bd7f906e675" testId="e1ee9e90-c349-2326-a0d5-3adc7e5180de" testName="MultiRoomAudio.E2ETests.CustomSinksE2ETests.CreatePlayerWithCustomSink_ViaAPI_ReturnsError" computerName="multiroom-audio" duration="00:00:00.1624208" startTime="2026-02-21T23:50:29.6150047+01:00" endTime="2026-02-21T23:50:29.6150048+01:00" testType="13cdc9d9-ddb5-4fa4-a97d-d965ccfc6d4b" outcome="Failed" testListId="8c84fa94-04c1-424b-9868-57a2d4851a1d" relativeResultsDirectory="3f4d3c99-84ca-437b-b23d-3bd7f906e675">
      <Output>
        <ErrorInfo>
          <Message>Microsoft.Playwright.PlaywrightException : Connection disposed</Message>
          <StackTrace>   at Microsoft.Playwright.Transport.Connection.InnerSendMessageToServerAsync[T](String guid, String method, Object args) in /_/src/Playwright/Transport/Connection.cs:line 108
   at Microsoft.Playwright.Transport.Connection.WrapApiCallAsync[T](Func`1 action, Boolean isInternal) in /_/src/Playwright/Transport/Connection.cs:line 482
   at Microsoft.Playwright.Core.BrowserContext.CloseAsync() in /_/src/Playwright/Core/BrowserContext.cs:line 202
   at MultiRoomAudio.E2ETests.CustomSinksE2ETests.DisposeAsync() in /opt/multiroom-repo/tests/E2EProject/CustomSinksE2ETests.cs:line 41</StackTrace>
        </ErrorInfo>
      </Output>
    </UnitTestResult>
    <UnitTestResult executionId="f2ee7018-398e-4920-8b9f-49bc4d9648ff" testId="ae8eaf3b-165e-522e-07e7-213d913db5e0" testName="MultiRoomAudio.E2ETests.TriggersE2ETests.AllChannels_DisplayedInUI" computerName="multiroom-audio" duration="00:00:00.0010000" startTime="2026-02-21T23:50:29.6621954+01:00" endTime="2026-02-21T23:50:29.6621955+01:00" testType="13cdc9d9-ddb5-4fa4-a97d-d965ccfc6d4b" outcome="Failed" testListId="8c84fa94-04c1-424b-9868-57a2d4851a1d" relativeResultsDirectory="f2ee7018-398e-4920-8b9f-49bc4d9648ff">
      <Output>
        <ErrorInfo>
          <Message>Microsoft.Playwright.PlaywrightException : Connection disposed</Message>
          <StackTrace>   at Microsoft.Playwright.Transport.Connection.InnerSendMessageToServerAsync[T](String guid, String method, Object args) in /_/src/Playwright/Transport/Connection.cs:line 108
   at Microsoft.Playwright.Transport.Connection.WrapApiCallAsync[T](Func`1 action, Boolean isInternal) in /_/src/Playwright/Transport/Connection.cs:line 482
   at Microsoft.Playwright.Core.Browser.NewContextAsync(BrowserNewContextOptions options) in /_/src/Playwright/Core/Browser.cs:line 98
   at MultiRoomAudio.E2ETests.PlaywrightFixture.&lt;CreatePageAsync&gt;b__10_0() in /opt/multiroom-repo/tests/E2EProject/PlaywrightFixture.cs:line 23
   at MultiRoomAudio.E2ETests.TriggersE2ETests.InitializeAsync() in /opt/multiroom-repo/tests/E2EProject/TriggersE2ETests.cs:line 23</StackTrace>
        </ErrorInfo>
      </Output>
    </UnitTestResult>
    <UnitTestResult executionId="94a3e90e-e9ce-40a4-b7da-ed20fce5f238" testId="6d40e6d2-0353-5eb3-faa7-297a0e3cc659" testName="MultiRoomAudio.E2ETests.TriggersE2ETests.MultipleChannels_IndependentConfiguration" computerName="multiroom-audio" duration="00:00:00.0010000" startTime="2026-02-21T23:50:29.6479723+01:00" endTime="2026-02-21T23:50:29.6479723+01:00" testType="13cdc9d9-ddb5-4fa4-a97d-d965ccfc6d4b" outcome="Failed" testListId="8c84fa94-04c1-424b-9868-57a2d4851a1d" relativeResultsDirectory="94a3e90e-e9ce-40a4-b7da-ed20fce5f238">
      <Output>
        <ErrorInfo>
          <Message>Microsoft.Playwright.PlaywrightException : Connection disposed</Message>
          <StackTrace>   at Microsoft.Playwright.Transport.Connection.InnerSendMessageToServerAsync[T](String guid, String method, Object args) in /_/src/Playwright/Transport/Connection.cs:line 108
   at Microsoft.Playwright.Transport.Connection.WrapApiCallAsync[T](Func`1 action, Boolean isInternal) in /_/src/Playwright/Transport/Connection.cs:line 482
   at Microsoft.Playwright.Core.Browser.NewContextAsync(BrowserNewContextOptions options) in /_/src/Playwright/Core/Browser.cs:line 98
   at MultiRoomAudio.E2ETests.PlaywrightFixture.&lt;CreatePageAsync&gt;b__10_0() in /opt/multiroom-repo/tests/E2EProject/PlaywrightFixture.cs:line 23
   at MultiRoomAudio.E2ETests.TriggersE2ETests.InitializeAsync() in /opt/multiroom-repo/tests/E2EProject/TriggersE2ETests.cs:line 23</StackTrace>
        </ErrorInfo>
      </Output>
    </UnitTestResult>
    <UnitTestResult executionId="57ab5843-64eb-4863-b2b3-b576d62b5c3b" testId="7950bb25-50b1-5a7b-414e-d26bf0cdf287" testName="MultiRoomAudio.E2ETests.TriggersE2ETests.TriggerChannel_InvalidChannel_ReturnsBadRequest" computerName="multiroom-audio" duration="00:00:00.0010000" startTime="2026-02-21T23:50:29.6526027+01:00" endTime="2026-02-21T23:50:29.6526028+01:00" testType="13cdc9d9-ddb5-4fa4-a97d-d965ccfc6d4b" outcome="Failed" testListId="8c84fa94-04c1-424b-9868-57a2d4851a1d" relativeResultsDirectory="57ab5843-64eb-4863-b2b3-b576d62b5c3b">
      <Output>
        <ErrorInfo>
          <Message>Microsoft.Playwright.PlaywrightException : Connection disposed</Message>
          <StackTrace>   at Microsoft.Playwright.Transport.Connection.InnerSendMessageToServerAsync[T](String guid, String method, Object args) in /_/src/Playwright/Transport/Connection.cs:line 108
   at Microsoft.Playwright.Transport.Connection.WrapApiCallAsync[T](Func`1 action, Boolean isInternal) in /_/src/Playwright/Transport/Connection.cs:line 482
   at Microsoft.Playwright.Core.Browser.NewContextAsync(BrowserNewContextOptions options) in /_/src/Playwright/Core/Browser.cs:line 98
   at MultiRoomAudio.E2ETests.PlaywrightFixture.&lt;CreatePageAsync&gt;b__10_0() in /opt/multiroom-repo/tests/E2EProject/PlaywrightFixture.cs:line 23
   at MultiRoomAudio.E2ETests.TriggersE2ETests.InitializeAsync() in /opt/multiroom-repo/tests/E2EProject/TriggersE2ETests.cs:line 23</StackTrace>
        </ErrorInfo>
      </Output>
    </UnitTestResult>
    <UnitTestResult executionId="3108a665-35c8-4baa-b035-9bf761b6a1b5" testId="fb4c01bd-911a-267c-f5b5-3d286e15e006" testName="MultiRoomAudio.E2ETests.TriggersE2ETests.TriggerStatus_ShowsChannelState" computerName="multiroom-audio" duration="00:00:00.0010000" startTime="2026-02-21T23:50:29.6487001+01:00" endTime="2026-02-21T23:50:29.6487002+01:00" testType="13cdc9d9-ddb5-4fa4-a97d-d965ccfc6d4b" outcome="Failed" testListId="8c84fa94-04c1-424b-9868-57a2d4851a1d" relativeResultsDirectory="3108a665-35c8-4baa-b035-9bf761b6a1b5">
      <Output>
        <ErrorInfo>
          <Message>Microsoft.Playwright.PlaywrightException : Connection disposed</Message>
          <StackTrace>   at Microsoft.Playwright.Transport.Connection.InnerSendMessageToServerAsync[T](String guid, String method, Object args) in /_/src/Playwright/Transport/Connection.cs:line 108
   at Microsoft.Playwright.Transport.Connection.WrapApiCallAsync[T](Func`1 action, Boolean isInternal) in /_/src/Playwright/Transport/Connection.cs:line 482
   at Microsoft.Playwright.Core.Browser.NewContextAsync(BrowserNewContextOptions options) in /_/src/Playwright/Core/Browser.cs:line 98
   at MultiRoomAudio.E2ETests.PlaywrightFixture.&lt;CreatePageAsync&gt;b__10_0() in /opt/multiroom-repo/tests/E2EProject/PlaywrightFixture.cs:line 23
   at MultiRoomAudio.E2ETests.TriggersE2ETests.InitializeAsync() in /opt/multiroom-repo/tests/E2EProject/TriggersE2ETests.cs:line 23</StackTrace>
        </ErrorInfo>
      </Output>
    </UnitTestResult>
    <UnitTestResult executionId="bcf8295d-71a8-4d74-8105-4c9174b3016e" testId="6b75fbd5-9bd4-6bd9-d995-0268b8d600e6" testName="E2EProject.UnitTest1.Test1" computerName="multiroom-audio" duration="00:00:00.0017586" startTime="2026-02-21T23:50:16.5714255+01:00" endTime="2026-02-21T23:50:16.5714442+01:00" testType="13cdc9d9-ddb5-4fa4-a97d-d965ccfc6d4b" outcome="Passed" testListId="8c84fa94-04c1-424b-9868-57a2d4851a1d" relativeResultsDirectory="bcf8295d-71a8-4d74-8105-4c9174b3016e" />
    <UnitTestResult executionId="7796408f-fa96-4748-8152-754dbe04190a" testId="c928f9b4-149a-4d71-b69b-2bae1f0f2606" testName="MultiRoomAudio.E2ETests.TriggersE2ETests.RelayHardware_DetectionShown" computerName="multiroom-audio" duration="00:00:00.0010000" startTime="2026-02-21T23:50:29.6291381+01:00" endTime="2026-02-21T23:50:29.6291382+01:00" testType="13cdc9d9-ddb5-4fa4-a97d-d965ccfc6d4b" outcome="Failed" testListId="8c84fa94-04c1-424b-9868-57a2d4851a1d" relativeResultsDirectory="7796408f-fa96-4748-8152-754dbe04190a">
      <Output>
        <ErrorInfo>
          <Message>Microsoft.Playwright.PlaywrightException : Connection disposed</Message>
          <StackTrace>   at Microsoft.Playwright.Transport.Connection.InnerSendMessageToServerAsync[T](String guid, String method, Object args) in /_/src/Playwright/Transport/Connection.cs:line 108
   at Microsoft.Playwright.Transport.Connection.WrapApiCallAsync[T](Func`1 action, Boolean isInternal) in /_/src/Playwright/Transport/Connection.cs:line 482
   at Microsoft.Playwright.Core.Browser.NewContextAsync(BrowserNewContextOptions options) in /_/src/Playwright/Core/Browser.cs:line 98
   at MultiRoomAudio.E2ETests.PlaywrightFixture.&lt;CreatePageAsync&gt;b__10_0() in /opt/multiroom-repo/tests/E2EProject/PlaywrightFixture.cs:line 23
   at MultiRoomAudio.E2ETests.TriggersE2ETests.InitializeAsync() in /opt/multiroom-repo/tests/E2EProject/TriggersE2ETests.cs:line 23</StackTrace>
        </ErrorInfo>
      </Output>
    </UnitTestResult>
    <UnitTestResult executionId="fc84f44c-682c-4b26-b100-44cd80555b2a" testId="63990d20-b9da-0cf2-966a-5ef7214d0687" testName="MultiRoomAudio.E2ETests.TriggersE2ETests.TriggerChannel_HasDevicePatternInput" computerName="multiroom-audio" duration="00:00:00.0010000" startTime="2026-02-21T23:50:29.6296413+01:00" endTime="2026-02-21T23:50:29.6296413+01:00" testType="13cdc9d9-ddb5-4fa4-a97d-d965ccfc6d4b" outcome="Failed" testListId="8c84fa94-04c1-424b-9868-57a2d4851a1d" relativeResultsDirectory="fc84f44c-682c-4b26-b100-44cd80555b2a">
      <Output>
        <ErrorInfo>
          <Message>Microsoft.Playwright.PlaywrightException : Connection disposed</Message>
          <StackTrace>   at Microsoft.Playwright.Transport.Connection.InnerSendMessageToServerAsync[T](String guid, String method, Object args) in /_/src/Playwright/Transport/Connection.cs:line 108
   at Microsoft.Playwright.Transport.Connection.WrapApiCallAsync[T](Func`1 action, Boolean isInternal) in /_/src/Playwright/Transport/Connection.cs:line 482
   at Microsoft.Playwright.Core.Browser.NewContextAsync(BrowserNewContextOptions options) in /_/src/Playwright/Core/Browser.cs:line 98
   at MultiRoomAudio.E2ETests.PlaywrightFixture.&lt;CreatePageAsync&gt;b__10_0() in /opt/multiroom-repo/tests/E2EProject/PlaywrightFixture.cs:line 23
   at MultiRoomAudio.E2ETests.TriggersE2ETests.InitializeAsync() in /opt/multiroom-repo/tests/E2EProject/TriggersE2ETests.cs:line 23</StackTrace>
        </ErrorInfo>
      </Output>
    </UnitTestResult>
    <UnitTestResult executionId="982dcbfb-0cc4-485f-87e3-2ac5f21fcaaa" testId="e86efa64-9b7e-97a7-fbc8-0c76712f16c2" testName="MultiRoomAudio.E2ETests.CustomSinksE2ETests.PlayTestTone_ViaAPI_Succeeds" computerName="multiroom-audio" duration="00:00:00.0010000" startTime="2026-02-21T23:50:29.6279885+01:00" endTime="2026-02-21T23:50:29.6279885+01:00" testType="13cdc9d9-ddb5-4fa4-a97d-d965ccfc6d4b" outcome="Failed" testListId="8c84fa94-04c1-424b-9868-57a2d4851a1d" relativeResultsDirectory="982dcbfb-0cc4-485f-87e3-2ac5f21fcaaa">
      <Output>
        <ErrorInfo>
          <Message>Microsoft.Playwright.PlaywrightException : Connection disposed</Message>
          <StackTrace>   at Microsoft.Playwright.Transport.Connection.InnerSendMessageToServerAsync[T](String guid, String method, Object args) in /_/src/Playwright/Transport/Connection.cs:line 108
   at Microsoft.Playwright.Transport.Connection.WrapApiCallAsync[T](Func`1 action, Boolean isInternal) in /_/src/Playwright/Transport/Connection.cs:line 482
   at Microsoft.Playwright.Core.Browser.NewContextAsync(BrowserNewContextOptions options) in /_/src/Playwright/Core/Browser.cs:line 98
   at MultiRoomAudio.E2ETests.PlaywrightFixture.&lt;CreatePageAsync&gt;b__10_0() in /opt/multiroom-repo/tests/E2EProject/PlaywrightFixture.cs:line 23
   at MultiRoomAudio.E2ETests.CustomSinksE2ETests.InitializeAsync() in /opt/multiroom-repo/tests/E2EProject/CustomSinksE2ETests.cs:line 23</StackTrace>
        </ErrorInfo>
      </Output>
    </UnitTestResult>
    <UnitTestResult executionId="f4fb20a7-7f11-4b2d-88dc-30a54228ba04" testId="ad1bf641-9648-e493-7ab5-651629e4249a" testName="MultiRoomAudio.E2ETests.CustomSinksE2ETests.DeviceDropdown_ContainsCustomSinks" computerName="multiroom-audio" duration="00:00:00.0010000" startTime="2026-02-21T23:50:29.6169614+01:00" endTime="2026-02-21T23:50:29.6169615+01:00" testType="13cdc9d9-ddb5-4fa4-a97d-d965ccfc6d4b" outcome="Failed" testListId="8c84fa94-04c1-424b-9868-57a2d4851a1d" relativeResultsDirectory="f4fb20a7-7f11-4b2d-88dc-30a54228ba04">
      <Output>
        <ErrorInfo>
          <Message>Microsoft.Playwright.PlaywrightException : Connection disposed</Message>
          <StackTrace>   at Microsoft.Playwright.Transport.Connection.InnerSendMessageToServerAsync[T](String guid, String method, Object args) in /_/src/Playwright/Transport/Connection.cs:line 108
   at Microsoft.Playwright.Transport.Connection.WrapApiCallAsync[T](Func`1 action, Boolean isInternal) in /_/src/Playwright/Transport/Connection.cs:line 482
   at Microsoft.Playwright.Core.Browser.NewContextAsync(BrowserNewContextOptions options) in /_/src/Playwright/Core/Browser.cs:line 98
   at MultiRoomAudio.E2ETests.PlaywrightFixture.&lt;CreatePageAsync&gt;b__10_0() in /opt/multiroom-repo/tests/E2EProject/PlaywrightFixture.cs:line 23
   at MultiRoomAudio.E2ETests.CustomSinksE2ETests.InitializeAsync() in /opt/multiroom-repo/tests/E2EProject/CustomSinksE2ETests.cs:line 23</StackTrace>
        </ErrorInfo>
      </Output>
    </UnitTestResult>
    <UnitTestResult executionId="479c5176-bd8c-4c5e-bb0f-ea3321fae81d" testId="7c1ba016-2410-aca4-670f-7308ffecb84d" testName="MultiRoomAudio.E2ETests.TriggersE2ETests.TriggersSection_ShowsChannelList" computerName="multiroom-audio" duration="00:00:00.0010000" startTime="2026-02-21T23:50:29.6287061+01:00" endTime="2026-02-21T23:50:29.6287062+01:00" testType="13cdc9d9-ddb5-4fa4-a97d-d965ccfc6d4b" outcome="Failed" testListId="8c84fa94-04c1-424b-9868-57a2d4851a1d" relativeResultsDirectory="479c5176-bd8c-4c5e-bb0f-ea3321fae81d">
      <Output>
        <ErrorInfo>
          <Message>Microsoft.Playwright.PlaywrightException : Connection disposed</Message>
          <StackTrace>   at Microsoft.Playwright.Transport.Connection.InnerSendMessageToServerAsync[T](String guid, String method, Object args) in /_/src/Playwright/Transport/Connection.cs:line 108
   at Microsoft.Playwright.Transport.Connection.WrapApiCallAsync[T](Func`1 action, Boolean isInternal) in /_/src/Playwright/Transport/Connection.cs:line 482
   at Microsoft.Playwright.Core.Browser.NewContextAsync(BrowserNewContextOptions options) in /_/src/Playwright/Core/Browser.cs:line 98
   at MultiRoomAudio.E2ETests.PlaywrightFixture.&lt;CreatePageAsync&gt;b__10_0() in /opt/multiroom-repo/tests/E2EProject/PlaywrightFixture.cs:line 23
   at MultiRoomAudio.E2ETests.TriggersE2ETests.InitializeAsync() in /opt/multiroom-repo/tests/E2EProject/TriggersE2ETests.cs:line 23</StackTrace>
        </ErrorInfo>
      </Output>
    </UnitTestResult>
    <UnitTestResult executionId="18bbb8b2-36ae-4e2f-8b83-19337018ed61" testId="62d77142-b586-ab41-07d4-a71b4d76b900" testName="MultiRoomAudio.E2ETests.CustomSinksE2ETests.CustomSinksModal_ShowsEmptyState" computerName="multiroom-audio" duration="00:00:03.0206963" startTime="2026-02-21T23:50:29.2686562+01:00" endTime="2026-02-21T23:50:29.2686563+01:00" testType="13cdc9d9-ddb5-4fa4-a97d-d965ccfc6d4b" outcome="Passed" testListId="8c84fa94-04c1-424b-9868-57a2d4851a1d" relativeResultsDirectory="18bbb8b2-36ae-4e2f-8b83-19337018ed61" />
    <UnitTestResult executionId="6e56b8b2-8b56-47f7-8b76-88184365df17" testId="7ce2c1b4-10d4-8f1e-4879-03c210f410cf" testName="MultiRoomAudio.E2ETests.CustomSinksE2ETests.CreateCombineSink_ViaUI_ShowsInList" computerName="multiroom-audio" duration="00:00:05.2314908" startTime="2026-02-21T23:50:26.1505757+01:00" endTime="2026-02-21T23:50:26.1505758+01:00" testType="13cdc9d9-ddb5-4fa4-a97d-d965ccfc6d4b" outcome="Passed" testListId="8c84fa94-04c1-424b-9868-57a2d4851a1d" relativeResultsDirectory="6e56b8b2-8b56-47f7-8b76-88184365df17" />
    <UnitTestResult executionId="11ca70e4-bab5-4837-a6f4-bc7539b5b6ae" testId="93c9e8a5-74d0-b703-6c62-3f79be6f01fd" testName="MultiRoomAudio.E2ETests.TriggersE2ETests.GetTriggers_ViaAPI_ReturnsStatus" computerName="multiroom-audio" duration="00:00:00.0010000" startTime="2026-02-21T23:50:29.6284606+01:00" endTime="2026-02-21T23:50:29.6284610+01:00" testType="13cdc9d9-ddb5-4fa4-a97d-d965ccfc6d4b" outcome="Failed" testListId="8c84fa94-04c1-424b-9868-57a2d4851a1d" relativeResultsDirectory="11ca70e4-bab5-4837-a6f4-bc7539b5b6ae">
      <Output>
        <ErrorInfo>
          <Message>Microsoft.Playwright.PlaywrightException : Connection disposed</Message>
          <StackTrace>   at Microsoft.Playwright.Transport.Connection.InnerSendMessageToServerAsync[T](String guid, String method, Object args) in /_/src/Playwright/Transport/Connection.cs:line 108
   at Microsoft.Playwright.Transport.Connection.WrapApiCallAsync[T](Func`1 action, Boolean isInternal) in /_/src/Playwright/Transport/Connection.cs:line 482
   at Microsoft.Playwright.Core.Browser.NewContextAsync(BrowserNewContextOptions options) in /_/src/Playwright/Core/Browser.cs:line 98
   at MultiRoomAudio.E2ETests.PlaywrightFixture.&lt;CreatePageAsync&gt;b__10_0() in /opt/multiroom-repo/tests/E2EProject/PlaywrightFixture.cs:line 23
   at MultiRoomAudio.E2ETests.TriggersE2ETests.InitializeAsync() in /opt/multiroom-repo/tests/E2EProject/TriggersE2ETests.cs:line 23</StackTrace>
        </ErrorInfo>
      </Output>
    </UnitTestResult>
    <UnitTestResult executionId="6a74c821-6626-49bc-b8f4-4ef0010fa645" testId="5da5cc5a-8355-7316-3f3b-05ed0cbf08a4" testName="MultiRoomAudio.E2ETests.TriggersE2ETests.TriggerConfig_SaveButton_Works" computerName="multiroom-audio" duration="00:00:00.0010000" startTime="2026-02-21T23:50:29.6299017+01:00" endTime="2026-02-21T23:50:29.6299018+01:00" testType="13cdc9d9-ddb5-4fa4-a97d-d965ccfc6d4b" outcome="Failed" testListId="8c84fa94-04c1-424b-9868-57a2d4851a1d" relativeResultsDirectory="6a74c821-6626-49bc-b8f4-4ef0010fa645">
      <Output>
        <ErrorInfo>
          <Message>Microsoft.Playwright.PlaywrightException : Connection disposed</Message>
          <StackTrace>   at Microsoft.Playwright.Transport.Connection.InnerSendMessageToServerAsync[T](String guid, String method, Object args) in /_/src/Playwright/Transport/Connection.cs:line 108
   at Microsoft.Playwright.Transport.Connection.WrapApiCallAsync[T](Func`1 action, Boolean isInternal) in /_/src/Playwright/Transport/Connection.cs:line 482
   at Microsoft.Playwright.Core.Browser.NewContextAsync(BrowserNewContextOptions options) in /_/src/Playwright/Core/Browser.cs:line 98
   at MultiRoomAudio.E2ETests.PlaywrightFixture.&lt;CreatePageAsync&gt;b__10_0() in /opt/multiroom-repo/tests/E2EProject/PlaywrightFixture.cs:line 23
   at MultiRoomAudio.E2ETests.TriggersE2ETests.InitializeAsync() in /opt/multiroom-repo/tests/E2EProject/TriggersE2ETests.cs:line 23</StackTrace>
        </ErrorInfo>
      </Output>
    </UnitTestResult>
    <UnitTestResult executionId="18839e4f-2f07-43c8-9cef-b599ad5880ee" testId="97b311f1-d335-9151-d723-e998656b2133" testName="MultiRoomAudio.E2ETests.TriggersE2ETests.RelayHardware_StatusEndpoint_Returns" computerName="multiroom-audio" duration="00:00:00.0010000" startTime="2026-02-21T23:50:29.6603992+01:00" endTime="2026-02-21T23:50:29.6603993+01:00" testType="13cdc9d9-ddb5-4fa4-a97d-d965ccfc6d4b" outcome="Failed" testListId="8c84fa94-04c1-424b-9868-57a2d4851a1d" relativeResultsDirectory="18839e4f-2f07-43c8-9cef-b599ad5880ee">
      <Output>
        <ErrorInfo>
          <Message>Microsoft.Playwright.PlaywrightException : Connection disposed</Message>
          <StackTrace>   at Microsoft.Playwright.Transport.Connection.InnerSendMessageToServerAsync[T](String guid, String method, Object args) in /_/src/Playwright/Transport/Connection.cs:line 108
   at Microsoft.Playwright.Transport.Connection.WrapApiCallAsync[T](Func`1 action, Boolean isInternal) in /_/src/Playwright/Transport/Connection.cs:line 482
   at Microsoft.Playwright.Core.Browser.NewContextAsync(BrowserNewContextOptions options) in /_/src/Playwright/Core/Browser.cs:line 98
   at MultiRoomAudio.E2ETests.PlaywrightFixture.&lt;CreatePageAsync&gt;b__10_0() in /opt/multiroom-repo/tests/E2EProject/PlaywrightFixture.cs:line 23
   at MultiRoomAudio.E2ETests.TriggersE2ETests.InitializeAsync() in /opt/multiroom-repo/tests/E2EProject/TriggersE2ETests.cs:line 23</StackTrace>
        </ErrorInfo>
      </Output>
    </UnitTestResult>
    <UnitTestResult executionId="3d8715c8-ebe5-4634-bcae-db97f9e0d552" testId="9555f52a-d4b8-3db2-045d-3ed9532cefe9" testName="MultiRoomAudio.E2ETests.TriggersE2ETests.TriggerMasterToggle_Exists" computerName="multiroom-audio" duration="00:00:00.0010000" startTime="2026-02-21T23:50:29.6351066+01:00" endTime="2026-02-21T23:50:29.6351067+01:00" testType="13cdc9d9-ddb5-4fa4-a97d-d965ccfc6d4b" outcome="Failed" testListId="8c84fa94-04c1-424b-9868-57a2d4851a1d" relativeResultsDirectory="3d8715c8-ebe5-4634-bcae-db97f9e0d552">
      <Output>
        <ErrorInfo>
          <Message>Microsoft.Playwright.PlaywrightException : Connection disposed</Message>
          <StackTrace>   at Microsoft.Playwright.Transport.Connection.InnerSendMessageToServerAsync[T](String guid, String method, Object args) in /_/src/Playwright/Transport/Connection.cs:line 108
   at Microsoft.Playwright.Transport.Connection.WrapApiCallAsync[T](Func`1 action, Boolean isInternal) in /_/src/Playwright/Transport/Connection.cs:line 482
   at Microsoft.Playwright.Core.Browser.NewContextAsync(BrowserNewContextOptions options) in /_/src/Playwright/Core/Browser.cs:line 98
   at MultiRoomAudio.E2ETests.PlaywrightFixture.&lt;CreatePageAsync&gt;b__10_0() in /opt/multiroom-repo/tests/E2EProject/PlaywrightFixture.cs:line 23
   at MultiRoomAudio.E2ETests.TriggersE2ETests.InitializeAsync() in /opt/multiroom-repo/tests/E2EProject/TriggersE2ETests.cs:line 23</StackTrace>
        </ErrorInfo>
      </Output>
    </UnitTestResult>
    <UnitTestResult executionId="f6366862-48ea-4ff7-b284-b3c4f396f96e" testId="0cba1dd5-7e8f-6de9-b1cf-c41724768699" testName="MultiRoomAudio.E2ETests.CustomSinksE2ETests.CustomSinksModal_HasCreateButtons" computerName="multiroom-audio" duration="00:00:00.0010000" startTime="2026-02-21T23:50:29.6241645+01:00" endTime="2026-02-21T23:50:29.6241645+01:00" testType="13cdc9d9-ddb5-4fa4-a97d-d965ccfc6d4b" outcome="Failed" testListId="8c84fa94-04c1-424b-9868-57a2d4851a1d" relativeResultsDirectory="f6366862-48ea-4ff7-b284-b3c4f396f96e">
      <Output>
        <ErrorInfo>
          <Message>Microsoft.Playwright.PlaywrightException : Connection disposed</Message>
          <StackTrace>   at Microsoft.Playwright.Transport.Connection.InnerSendMessageToServerAsync[T](String guid, String method, Object args) in /_/src/Playwright/Transport/Connection.cs:line 108
   at Microsoft.Playwright.Transport.Connection.WrapApiCallAsync[T](Func`1 action, Boolean isInternal) in /_/src/Playwright/Transport/Connection.cs:line 482
   at Microsoft.Playwright.Core.Browser.NewContextAsync(BrowserNewContextOptions options) in /_/src/Playwright/Core/Browser.cs:line 98
   at MultiRoomAudio.E2ETests.PlaywrightFixture.&lt;CreatePageAsync&gt;b__10_0() in /opt/multiroom-repo/tests/E2EProject/PlaywrightFixture.cs:line 23
   at MultiRoomAudio.E2ETests.CustomSinksE2ETests.InitializeAsync() in /opt/multiroom-repo/tests/E2EProject/CustomSinksE2ETests.cs:line 23</StackTrace>
        </ErrorInfo>
      </Output>
    </UnitTestResult>
    <UnitTestResult executionId="4612b374-c44b-4760-bd41-980b232a22a1" testId="3cbb389e-4e47-4807-09f2-8631fabb4351" testName="MultiRoomAudio.E2ETests.CustomSinksE2ETests.CustomSinksModal_OpensFromNavbar" computerName="multiroom-audio" duration="00:00:00.0010000" startTime="2026-02-21T23:50:29.6233197+01:00" endTime="2026-02-21T23:50:29.6233198+01:00" testType="13cdc9d9-ddb5-4fa4-a97d-d965ccfc6d4b" outcome="Failed" testListId="8c84fa94-04c1-424b-9868-57a2d4851a1d" relativeResultsDirectory="4612b374-c44b-4760-bd41-980b232a22a1">
      <Output>
        <ErrorInfo>
          <Message>Microsoft.Playwright.PlaywrightException : Connection disposed</Message>
          <StackTrace>   at Microsoft.Playwright.Transport.Connection.InnerSendMessageToServerAsync[T](String guid, String method, Object args) in /_/src/Playwright/Transport/Connection.cs:line 108
   at Microsoft.Playwright.Transport.Connection.WrapApiCallAsync[T](Func`1 action, Boolean isInternal) in /_/src/Playwright/Transport/Connection.cs:line 482
   at Microsoft.Playwright.Core.Browser.NewContextAsync(BrowserNewContextOptions options) in /_/src/Playwright/Core/Browser.cs:line 98
   at MultiRoomAudio.E2ETests.PlaywrightFixture.&lt;CreatePageAsync&gt;b__10_0() in /opt/multiroom-repo/tests/E2EProject/PlaywrightFixture.cs:line 23
   at MultiRoomAudio.E2ETests.CustomSinksE2ETests.InitializeAsync() in /opt/multiroom-repo/tests/E2EProject/CustomSinksE2ETests.cs:line 23</StackTrace>
        </ErrorInfo>
      </Output>
    </UnitTestResult>
  </Results>
  <TestDefinitions>
    <UnitTest name="MultiRoomAudio.E2ETests.TriggersE2ETests.TriggerChannel_HasDelayInput" storage="/opt/multiroom-repo/tests/e2eproject/bin/debug/net8.0/e2eproject.dll" id="d66f3c1a-6733-66bb-e2f6-54f419cb69f9">
      <Execution id="d0e48d34-d5e2-49f5-a8bd-922ff85227c5" />
      <TestMethod codeBase="/opt/multiroom-repo/tests/E2EProject/bin/Debug/net8.0/E2EProject.dll" adapterTypeName="executor://xunit/VsTestRunner2/netcoreapp" className="MultiRoomAudio.E2ETests.TriggersE2ETests" name="TriggerChannel_HasDelayInput" />
    </UnitTest>
    <UnitTest name="MultiRoomAudio.E2ETests.CustomSinksE2ETests.PlayTestTone_ViaAPI_Succeeds" storage="/opt/multiroom-repo/tests/e2eproject/bin/debug/net8.0/e2eproject.dll" id="e86efa64-9b7e-97a7-fbc8-0c76712f16c2">
      <Execution id="982dcbfb-0cc4-485f-87e3-2ac5f21fcaaa" />
      <TestMethod codeBase="/opt/multiroom-repo/tests/E2EProject/bin/Debug/net8.0/E2EProject.dll" adapterTypeName="executor://xunit/VsTestRunner2/netcoreapp" className="MultiRoomAudio.E2ETests.CustomSinksE2ETests" name="PlayTestTone_ViaAPI_Succeeds" />
    </UnitTest>
    <UnitTest name="MultiRoomAudio.E2ETests.CustomSinksE2ETests.CreatePlayerWithCustomSink_ViaUI_HandledGracefully" storage="/opt/multiroom-repo/tests/e2eproject/bin/debug/net8.0/e2eproject.dll" id="cc9a8707-1371-9ddb-1c2f-9dd411daddcf">
      <Execution id="1eb55ff0-bab0-4c70-959b-fcb15b29d61d" />
      <TestMethod codeBase="/opt/multiroom-repo/tests/E2EProject/bin/Debug/net8.0/E2EProject.dll" adapterTypeName="executor://xunit/VsTestRunner2/netcoreapp" className="MultiRoomAudio.E2ETests.CustomSinksE2ETests" name="CreatePlayerWithCustomSink_ViaUI_HandledGracefully" />
    </UnitTest>
    <UnitTest name="MultiRoomAudio.E2ETests.CustomSinksE2ETests.DeviceDropdown_ContainsCustomSinks" storage="/opt/multiroom-repo/tests/e2eproject/bin/debug/net8.0/e2eproject.dll" id="ad1bf641-9648-e493-7ab5-651629e4249a">
      <Execution id="f4fb20a7-7f11-4b2d-88dc-30a54228ba04" />
      <TestMethod codeBase="/opt/multiroom-repo/tests/E2EProject/bin/Debug/net8.0/E2EProject.dll" adapterTypeName="executor://xunit/VsTestRunner2/netcoreapp" className="MultiRoomAudio.E2ETests.CustomSinksE2ETests" name="DeviceDropdown_ContainsCustomSinks" />
    </UnitTest>
    <UnitTest name="MultiRoomAudio.E2ETests.CustomSinksE2ETests.CustomSinksModal_OpensFromNavbar" storage="/opt/multiroom-repo/tests/e2eproject/bin/debug/net8.0/e2eproject.dll" id="3cbb389e-4e47-4807-09f2-8631fabb4351">
      <Execution id="4612b374-c44b-4760-bd41-980b232a22a1" />
      <TestMethod codeBase="/opt/multiroom-repo/tests/E2EProject/bin/Debug/net8.0/E2EProject.dll" adapterTypeName="executor://xunit/VsTestRunner2/netcoreapp" className="MultiRoomAudio.E2ETests.CustomSinksE2ETests" name="CustomSinksModal_OpensFromNavbar" />
    </UnitTest>
    <UnitTest name="MultiRoomAudio.E2ETests.TriggersE2ETests.RelayHardware_StatusEndpoint_Returns" storage="/opt/multiroom-repo/tests/e2eproject/bin/debug/net8.0/e2eproject.dll" id="97b311f1-d335-9151-d723-e998656b2133">
      <Execution id="18839e4f-2f07-43c8-9cef-b599ad5880ee" />
      <TestMethod codeBase="/opt/multiroom-repo/tests/E2EProject/bin/Debug/net8.0/E2EProject.dll" adapterTypeName="executor://xunit/VsTestRunner2/netcoreapp" className="MultiRoomAudio.E2ETests.TriggersE2ETests" name="RelayHardware_StatusEndpoint_Returns" />
    </UnitTest>
    <UnitTest name="MultiRoomAudio.E2ETests.CustomSinksE2ETests.PlayTestTone_ButtonExists" storage="/opt/multiroom-repo/tests/e2eproject/bin/debug/net8.0/e2eproject.dll" id="f1df4d1f-b290-4b59-9acc-e89aa7d002af">
      <Execution id="7373dcba-e2e9-4267-9a61-c2c10b964545" />
      <TestMethod codeBase="/opt/multiroom-repo/tests/E2EProject/bin/Debug/net8.0/E2EProject.dll" adapterTypeName="executor://xunit/VsTestRunner2/netcoreapp" className="MultiRoomAudio.E2ETests.CustomSinksE2ETests" name="PlayTestTone_ButtonExists" />
    </UnitTest>
    <UnitTest name="MultiRoomAudio.E2ETests.CustomSinksE2ETests.CustomSinksModal_HasCreateButtons" storage="/opt/multiroom-repo/tests/e2eproject/bin/debug/net8.0/e2eproject.dll" id="0cba1dd5-7e8f-6de9-b1cf-c41724768699">
      <Execution id="f6366862-48ea-4ff7-b284-b3c4f396f96e" />
      <TestMethod codeBase="/opt/multiroom-repo/tests/E2EProject/bin/Debug/net8.0/E2EProject.dll" adapterTypeName="executor://xunit/VsTestRunner2/netcoreapp" className="MultiRoomAudio.E2ETests.CustomSinksE2ETests" name="CustomSinksModal_HasCreateButtons" />
    </UnitTest>
    <UnitTest name="MultiRoomAudio.E2ETests.CustomSinksE2ETests.CustomSinksModal_ShowsEmptyState" storage="/opt/multiroom-repo/tests/e2eproject/bin/debug/net8.0/e2eproject.dll" id="62d77142-b586-ab41-07d4-a71b4d76b900">
      <Execution id="18bbb8b2-36ae-4e2f-8b83-19337018ed61" />
      <TestMethod codeBase="/opt/multiroom-repo/tests/E2EProject/bin/Debug/net8.0/E2EProject.dll" adapterTypeName="executor://xunit/VsTestRunner2/netcoreapp" className="MultiRoomAudio.E2ETests.CustomSinksE2ETests" name="CustomSinksModal_ShowsEmptyState" />
    </UnitTest>
    <UnitTest name="MultiRoomAudio.E2ETests.TriggersE2ETests.ConfigureTrigger_ViaAPI_Succeeds" storage="/opt/multiroom-repo/tests/e2eproject/bin/debug/net8.0/e2eproject.dll" id="6f7a7f03-77af-7ad8-b1d1-0e9d9a667a61">
      <Execution id="ab523112-f76e-4bbd-9390-8d33f4d83a31" />
      <TestMethod codeBase="/opt/multiroom-repo/tests/E2EProject/bin/Debug/net8.0/E2EProject.dll" adapterTypeName="executor://xunit/VsTestRunner2/netcoreapp" className="MultiRoomAudio.E2ETests.TriggersE2ETests" name="ConfigureTrigger_ViaAPI_Succeeds" />
    </UnitTest>
    <UnitTest name="MultiRoomAudio.E2ETests.CustomSinksE2ETests.CreateRemapSink_ViaAPI_AppearsInUI" storage="/opt/multiroom-repo/tests/e2eproject/bin/debug/net8.0/e2eproject.dll" id="655b7bb1-49d5-5597-f259-f9f5b67776b2">
      <Execution id="66eff3b1-9d7a-4331-b27b-eddca4d9d9b8" />
      <TestMethod codeBase="/opt/multiroom-repo/tests/E2EProject/bin/Debug/net8.0/E2EProject.dll" adapterTypeName="executor://xunit/VsTestRunner2/netcoreapp" className="MultiRoomAudio.E2ETests.CustomSinksE2ETests" name="CreateRemapSink_ViaAPI_AppearsInUI" />
    </UnitTest>
    <UnitTest name="MultiRoomAudio.E2ETests.CustomSinksE2ETests.CreateCombineSink_ViaAPI_AppearsInUI" storage="/opt/multiroom-repo/tests/e2eproject/bin/debug/net8.0/e2eproject.dll" id="54edb374-24db-ec8e-d662-04af5560ac9a">
      <Execution id="5ebfb389-1a7d-4ad8-bea2-e2f8089ccf90" />
      <TestMethod codeBase="/opt/multiroom-repo/tests/E2EProject/bin/Debug/net8.0/E2EProject.dll" adapterTypeName="executor://xunit/VsTestRunner2/netcoreapp" className="MultiRoomAudio.E2ETests.CustomSinksE2ETests" name="CreateCombineSink_ViaAPI_AppearsInUI" />
    </UnitTest>
    <UnitTest name="MultiRoomAudio.E2ETests.TriggersE2ETests.TriggerChannel_HasDevicePatternInput" storage="/opt/multiroom-repo/tests/e2eproject/bin/debug/net8.0/e2eproject.dll" id="63990d20-b9da-0cf2-966a-5ef7214d0687">
      <Execution id="fc84f44c-682c-4b26-b100-44cd80555b2a" />
      <TestMethod codeBase="/opt/multiroom-repo/tests/E2EProject/bin/Debug/net8.0/E2EProject.dll" adapterTypeName="executor://xunit/VsTestRunner2/netcoreapp" className="MultiRoomAudio.E2ETests.TriggersE2ETests" name="TriggerChannel_HasDevicePatternInput" />
    </UnitTest>
    <UnitTest name="MultiRoomAudio.E2ETests.TriggersE2ETests.TriggersSection_ShowsChannelList" storage="/opt/multiroom-repo/tests/e2eproject/bin/debug/net8.0/e2eproject.dll" id="7c1ba016-2410-aca4-670f-7308ffecb84d">
      <Execution id="479c5176-bd8c-4c5e-bb0f-ea3321fae81d" />
      <TestMethod codeBase="/opt/multiroom-repo/tests/E2EProject/bin/Debug/net8.0/E2EProject.dll" adapterTypeName="executor://xunit/VsTestRunner2/netcoreapp" className="MultiRoomAudio.E2ETests.TriggersE2ETests" name="TriggersSection_ShowsChannelList" />
    </UnitTest>
    <UnitTest name="MultiRoomAudio.E2ETests.TriggersE2ETests.TriggersSection_VisibleInCustomSinksModal" storage="/opt/multiroom-repo/tests/e2eproject/bin/debug/net8.0/e2eproject.dll" id="399755f4-4185-32bd-8cf7-d78ff8d1b058">
      <Execution id="c316d918-a411-4324-8355-1d5dea951664" />
      <TestMethod codeBase="/opt/multiroom-repo/tests/E2EProject/bin/Debug/net8.0/E2EProject.dll" adapterTypeName="executor://xunit/VsTestRunner2/netcoreapp" className="MultiRoomAudio.E2ETests.TriggersE2ETests" name="TriggersSection_VisibleInCustomSinksModal" />
    </UnitTest>
    <UnitTest name="MultiRoomAudio.E2ETests.TriggersE2ETests.TriggerStatus_UpdatesInRealTime" storage="/opt/multiroom-repo/tests/e2eproject/bin/debug/net8.0/e2eproject.dll" id="afe6e088-eaa2-ba2e-3152-bfd171fa6fad">
      <Execution id="dfb6f3b2-dff7-4ff9-9d08-cdf5d6b73e6e" />
      <TestMethod codeBase="/opt/multiroom-repo/tests/E2EProject/bin/Debug/net8.0/E2EProject.dll" adapterTypeName="executor://xunit/VsTestRunner2/netcoreapp" className="MultiRoomAudio.E2ETests.TriggersE2ETests" name="TriggerStatus_UpdatesInRealTime" />
    </UnitTest>
    <UnitTest name="MultiRoomAudio.E2ETests.TriggersE2ETests.TriggerOffDelay_AcceptsValidValues" storage="/opt/multiroom-repo/tests/e2eproject/bin/debug/net8.0/e2eproject.dll" id="e8e5d6e5-ede2-a9e4-0c80-3e1374cfcec5">
      <Execution id="e208f8e1-018c-4043-9929-58d49b0f4de3" />
      <TestMethod codeBase="/opt/multiroom-repo/tests/E2EProject/bin/Debug/net8.0/E2EProject.dll" adapterTypeName="executor://xunit/VsTestRunner2/netcoreapp" className="MultiRoomAudio.E2ETests.TriggersE2ETests" name="TriggerOffDelay_AcceptsValidValues" />
    </UnitTest>
    <UnitTest name="MultiRoomAudio.E2ETests.TriggersE2ETests.TriggerConfig_SaveButton_Works" storage="/opt/multiroom-repo/tests/e2eproject/bin/debug/net8.0/e2eproject.dll" id="5da5cc5a-8355-7316-3f3b-05ed0cbf08a4">
      <Execution id="6a74c821-6626-49bc-b8f4-4ef0010fa645" />
      <TestMethod codeBase="/opt/multiroom-repo/tests/E2EProject/bin/Debug/net8.0/E2EProject.dll" adapterTypeName="executor://xunit/VsTestRunner2/netcoreapp" className="MultiRoomAudio.E2ETests.TriggersE2ETests" name="TriggerConfig_SaveButton_Works" />
    </UnitTest>
    <UnitTest name="MultiRoomAudio.E2ETests.TriggersE2ETests.MultipleChannels_IndependentConfiguration" storage="/opt/multiroom-repo/tests/e2eproject/bin/debug/net8.0/e2eproject.dll" id="6d40e6d2-0353-5eb3-faa7-297a0e3cc659">
      <Execution id="94a3e90e-e9ce-40a4-b7da-ed20fce5f238" />
      <TestMethod codeBase="/opt/multiroom-repo/tests/E2EProject/bin/Debug/net8.0/E2EProject.dll" adapterTypeName="executor://xunit/VsTestRunner2/netcoreapp" className="MultiRoomAudio.E2ETests.TriggersE2ETests" name="MultipleChannels_IndependentConfiguration" />
    </UnitTest>
    <UnitTest name="MultiRoomAudio.E2ETests.CustomSinksE2ETests.DeleteSink_ViaUI_RemovesFromList" storage="/opt/multiroom-repo/tests/e2eproject/bin/debug/net8.0/e2eproject.dll" id="e09f12bd-db58-e528-5340-7d1e4ba80472">
      <Execution id="6baef76d-f7be-4888-aeda-e693f709e0aa" />
      <TestMethod codeBase="/opt/multiroom-repo/tests/E2EProject/bin/Debug/net8.0/E2EProject.dll" adapterTypeName="executor://xunit/VsTestRunner2/netcoreapp" className="MultiRoomAudio.E2ETests.CustomSinksE2ETests" name="DeleteSink_ViaUI_RemovesFromList" />
    </UnitTest>
    <UnitTest name="MultiRoomAudio.E2ETests.TriggersE2ETests.TriggerMasterToggle_Exists" storage="/opt/multiroom-repo/tests/e2eproject/bin/debug/net8.0/e2eproject.dll" id="9555f52a-d4b8-3db2-045d-3ed9532cefe9">
      <Execution id="3d8715c8-ebe5-4634-bcae-db97f9e0d552" />
      <TestMethod codeBase="/opt/multiroom-repo/tests/E2EProject/bin/Debug/net8.0/E2EProject.dll" adapterTypeName="executor://xunit/VsTestRunner2/netcoreapp" className="MultiRoomAudio.E2ETests.TriggersE2ETests" name="TriggerMasterToggle_Exists" />
    </UnitTest>
    <UnitTest name="MultiRoomAudio.E2ETests.CustomSinksE2ETests.CreateCombineSink_ViaUI_ShowsInList" storage="/opt/multiroom-repo/tests/e2eproject/bin/debug/net8.0/e2eproject.dll" id="7ce2c1b4-10d4-8f1e-4879-03c210f410cf">
      <Execution id="6e56b8b2-8b56-47f7-8b76-88184365df17" />
      <TestMethod codeBase="/opt/multiroom-repo/tests/E2EProject/bin/Debug/net8.0/E2EProject.dll" adapterTypeName="executor://xunit/VsTestRunner2/netcoreapp" className="MultiRoomAudio.E2ETests.CustomSinksE2ETests" name="CreateCombineSink_ViaUI_ShowsInList" />
    </UnitTest>
    <UnitTest name="MultiRoomAudio.E2ETests.TriggersE2ETests.AllChannels_DisplayedInUI" storage="/opt/multiroom-repo/tests/e2eproject/bin/debug/net8.0/e2eproject.dll" id="ae8eaf3b-165e-522e-07e7-213d913db5e0">
      <Execution id="f2ee7018-398e-4920-8b9f-49bc4d9648ff" />
      <TestMethod codeBase="/opt/multiroom-repo/tests/E2EProject/bin/Debug/net8.0/E2EProject.dll" adapterTypeName="executor://xunit/VsTestRunner2/netcoreapp" className="MultiRoomAudio.E2ETests.TriggersE2ETests" name="AllChannels_DisplayedInUI" />
    </UnitTest>
    <UnitTest name="E2EProject.UnitTest1.Test1" storage="/opt/multiroom-repo/tests/e2eproject/bin/debug/net8.0/e2eproject.dll" id="6b75fbd5-9bd4-6bd9-d995-0268b8d600e6">
      <Execution id="bcf8295d-71a8-4d74-8105-4c9174b3016e" />
      <TestMethod codeBase="/opt/multiroom-repo/tests/E2EProject/bin/Debug/net8.0/E2EProject.dll" adapterTypeName="executor://xunit/VsTestRunner2/netcoreapp" className="E2EProject.UnitTest1" name="Test1" />
    </UnitTest>
    <UnitTest name="MultiRoomAudio.E2ETests.TriggersE2ETests.TriggerChannelMapping_ToCustomSink_Works" storage="/opt/multiroom-repo/tests/e2eproject/bin/debug/net8.0/e2eproject.dll" id="f3d7d72f-15f7-03e5-6ef6-8d7b479c90dd">
      <Execution id="f857510b-5081-465c-8469-4f13d2cb9889" />
      <TestMethod codeBase="/opt/multiroom-repo/tests/E2EProject/bin/Debug/net8.0/E2EProject.dll" adapterTypeName="executor://xunit/VsTestRunner2/netcoreapp" className="MultiRoomAudio.E2ETests.TriggersE2ETests" name="TriggerChannelMapping_ToCustomSink_Works" />
    </UnitTest>
    <UnitTest name="MultiRoomAudio.E2ETests.TriggersE2ETests.TriggerMasterToggle_EnablesDisables" storage="/opt/multiroom-repo/tests/e2eproject/bin/debug/net8.0/e2eproject.dll" id="417be7b5-1569-3a4b-234e-d08b99c4301c">
      <Execution id="1f62e1da-463b-4d99-8187-812934a929f4" />
      <TestMethod codeBase="/opt/multiroom-repo/tests/E2EProject/bin/Debug/net8.0/E2EProject.dll" adapterTypeName="executor://xunit/VsTestRunner2/netcoreapp" className="MultiRoomAudio.E2ETests.TriggersE2ETests" name="TriggerMasterToggle_EnablesDisables" />
    </UnitTest>
    <UnitTest name="MultiRoomAudio.E2ETests.TriggersE2ETests.RelayHardware_DetectionShown" storage="/opt/multiroom-repo/tests/e2eproject/bin/debug/net8.0/e2eproject.dll" id="c928f9b4-149a-4d71-b69b-2bae1f0f2606">
      <Execution id="7796408f-fa96-4748-8152-754dbe04190a" />
      <TestMethod codeBase="/opt/multiroom-repo/tests/E2EProject/bin/Debug/net8.0/E2EProject.dll" adapterTypeName="executor://xunit/VsTestRunner2/netcoreapp" className="MultiRoomAudio.E2ETests.TriggersE2ETests" name="RelayHardware_DetectionShown" />
    </UnitTest>
    <UnitTest name="MultiRoomAudio.E2ETests.TriggersE2ETests.TriggerChannel_InvalidChannel_ReturnsBadRequest" storage="/opt/multiroom-repo/tests/e2eproject/bin/debug/net8.0/e2eproject.dll" id="7950bb25-50b1-5a7b-414e-d26bf0cdf287">
      <Execution id="57ab5843-64eb-4863-b2b3-b576d62b5c3b" />
      <TestMethod codeBase="/opt/multiroom-repo/tests/E2EProject/bin/Debug/net8.0/E2EProject.dll" adapterTypeName="executor://xunit/VsTestRunner2/netcoreapp" className="MultiRoomAudio.E2ETests.TriggersE2ETests" name="TriggerChannel_InvalidChannel_ReturnsBadRequest" />
    </UnitTest>
    <UnitTest name="MultiRoomAudio.E2ETests.CustomSinksE2ETests.OpenRemapSinkForm_HasChannelMappingUI" storage="/opt/multiroom-repo/tests/e2eproject/bin/debug/net8.0/e2eproject.dll" id="f70c8e97-41eb-b17f-92e9-e2235077ef07">
      <Execution id="ed822cca-82fa-4ab9-abbe-40f6adc07d0b" />
      <TestMethod codeBase="/opt/multiroom-repo/tests/E2EProject/bin/Debug/net8.0/E2EProject.dll" adapterTypeName="executor://xunit/VsTestRunner2/netcoreapp" className="MultiRoomAudio.E2ETests.CustomSinksE2ETests" name="OpenRemapSinkForm_HasChannelMappingUI" />
    </UnitTest>
    <UnitTest name="MultiRoomAudio.E2ETests.TriggersE2ETests.TriggerOffDelay_RejectsNegativeValues" storage="/opt/multiroom-repo/tests/e2eproject/bin/debug/net8.0/e2eproject.dll" id="7aad2193-14bc-3d67-9ac5-9e8630ad6b77">
      <Execution id="5f1b0c18-2b53-45d4-87ac-85e85a3adac5" />
      <TestMethod codeBase="/opt/multiroom-repo/tests/E2EProject/bin/Debug/net8.0/E2EProject.dll" adapterTypeName="executor://xunit/VsTestRunner2/netcoreapp" className="MultiRoomAudio.E2ETests.TriggersE2ETests" name="TriggerOffDelay_RejectsNegativeValues" />
    </UnitTest>
    <UnitTest name="MultiRoomAudio.E2ETests.TriggersE2ETests.TriggerChannel_HasSinkSelector" storage="/opt/multiroom-repo/tests/e2eproject/bin/debug/net8.0/e2eproject.dll" id="048b5c70-0487-6884-396e-36bf9dfbf048">
      <Execution id="e760b1e0-bf87-480b-a58e-3a8c335f2201" />
      <TestMethod codeBase="/opt/multiroom-repo/tests/E2EProject/bin/Debug/net8.0/E2EProject.dll" adapterTypeName="executor://xunit/VsTestRunner2/netcoreapp" className="MultiRoomAudio.E2ETests.TriggersE2ETests" name="TriggerChannel_HasSinkSelector" />
    </UnitTest>
    <UnitTest name="MultiRoomAudio.E2ETests.TriggersE2ETests.GetTriggers_ViaAPI_ReturnsStatus" storage="/opt/multiroom-repo/tests/e2eproject/bin/debug/net8.0/e2eproject.dll" id="93c9e8a5-74d0-b703-6c62-3f79be6f01fd">
      <Execution id="11ca70e4-bab5-4837-a6f4-bc7539b5b6ae" />
      <TestMethod codeBase="/opt/multiroom-repo/tests/E2EProject/bin/Debug/net8.0/E2EProject.dll" adapterTypeName="executor://xunit/VsTestRunner2/netcoreapp" className="MultiRoomAudio.E2ETests.TriggersE2ETests" name="GetTriggers_ViaAPI_ReturnsStatus" />
    </UnitTest>
    <UnitTest name="MultiRoomAudio.E2ETests.CustomSinksE2ETests.CreatePlayerWithCustomSink_ViaAPI_ReturnsError" storage="/opt/multiroom-repo/tests/e2eproject/bin/debug/net8.0/e2eproject.dll" id="e1ee9e90-c349-2326-a0d5-3adc7e5180de">
      <Execution id="3f4d3c99-84ca-437b-b23d-3bd7f906e675" />
      <TestMethod codeBase="/opt/multiroom-repo/tests/E2EProject/bin/Debug/net8.0/E2EProject.dll" adapterTypeName="executor://xunit/VsTestRunner2/netcoreapp" className="MultiRoomAudio.E2ETests.CustomSinksE2ETests" name="CreatePlayerWithCustomSink_ViaAPI_ReturnsError" />
    </UnitTest>
    <UnitTest name="MultiRoomAudio.E2ETests.TriggersE2ETests.TriggerStatus_ShowsChannelState" storage="/opt/multiroom-repo/tests/e2eproject/bin/debug/net8.0/e2eproject.dll" id="fb4c01bd-911a-267c-f5b5-3d286e15e006">
      <Execution id="3108a665-35c8-4baa-b035-9bf761b6a1b5" />
      <TestMethod codeBase="/opt/multiroom-repo/tests/E2EProject/bin/Debug/net8.0/E2EProject.dll" adapterTypeName="executor://xunit/VsTestRunner2/netcoreapp" className="MultiRoomAudio.E2ETests.TriggersE2ETests" name="TriggerStatus_ShowsChannelState" />
    </UnitTest>
    <UnitTest name="MultiRoomAudio.E2ETests.TriggersE2ETests.TriggerConfig_ShowsValidationErrors" storage="/opt/multiroom-repo/tests/e2eproject/bin/debug/net8.0/e2eproject.dll" id="ad99b9ac-f24d-ebc6-9ea1-ea06d8930582">
      <Execution id="80f11d9c-7543-4c0f-ae5e-1ebbf91dc315" />
      <TestMethod codeBase="/opt/multiroom-repo/tests/E2EProject/bin/Debug/net8.0/E2EProject.dll" adapterTypeName="executor://xunit/VsTestRunner2/netcoreapp" className="MultiRoomAudio.E2ETests.TriggersE2ETests" name="TriggerConfig_ShowsValidationErrors" />
    </UnitTest>
  </TestDefinitions>
  <TestEntries>
    <TestEntry testId="048b5c70-0487-6884-396e-36bf9dfbf048" executionId="e760b1e0-bf87-480b-a58e-3a8c335f2201" testListId="8c84fa94-04c1-424b-9868-57a2d4851a1d" />
    <TestEntry testId="d66f3c1a-6733-66bb-e2f6-54f419cb69f9" executionId="d0e48d34-d5e2-49f5-a8bd-922ff85227c5" testListId="8c84fa94-04c1-424b-9868-57a2d4851a1d" />
    <TestEntry testId="f3d7d72f-15f7-03e5-6ef6-8d7b479c90dd" executionId="f857510b-5081-465c-8469-4f13d2cb9889" testListId="8c84fa94-04c1-424b-9868-57a2d4851a1d" />
    <TestEntry testId="7aad2193-14bc-3d67-9ac5-9e8630ad6b77" executionId="5f1b0c18-2b53-45d4-87ac-85e85a3adac5" testListId="8c84fa94-04c1-424b-9868-57a2d4851a1d" />
    <TestEntry testId="afe6e088-eaa2-ba2e-3152-bfd171fa6fad" executionId="dfb6f3b2-dff7-4ff9-9d08-cdf5d6b73e6e" testListId="8c84fa94-04c1-424b-9868-57a2d4851a1d" />
    <TestEntry testId="f70c8e97-41eb-b17f-92e9-e2235077ef07" executionId="ed822cca-82fa-4ab9-abbe-40f6adc07d0b" testListId="8c84fa94-04c1-424b-9868-57a2d4851a1d" />
    <TestEntry testId="e09f12bd-db58-e528-5340-7d1e4ba80472" executionId="6baef76d-f7be-4888-aeda-e693f709e0aa" testListId="8c84fa94-04c1-424b-9868-57a2d4851a1d" />
    <TestEntry testId="e8e5d6e5-ede2-a9e4-0c80-3e1374cfcec5" executionId="e208f8e1-018c-4043-9929-58d49b0f4de3" testListId="8c84fa94-04c1-424b-9868-57a2d4851a1d" />
    <TestEntry testId="cc9a8707-1371-9ddb-1c2f-9dd411daddcf" executionId="1eb55ff0-bab0-4c70-959b-fcb15b29d61d" testListId="8c84fa94-04c1-424b-9868-57a2d4851a1d" />
    <TestEntry testId="ad99b9ac-f24d-ebc6-9ea1-ea06d8930582" executionId="80f11d9c-7543-4c0f-ae5e-1ebbf91dc315" testListId="8c84fa94-04c1-424b-9868-57a2d4851a1d" />
    <TestEntry testId="54edb374-24db-ec8e-d662-04af5560ac9a" executionId="5ebfb389-1a7d-4ad8-bea2-e2f8089ccf90" testListId="8c84fa94-04c1-424b-9868-57a2d4851a1d" />
    <TestEntry testId="417be7b5-1569-3a4b-234e-d08b99c4301c" executionId="1f62e1da-463b-4d99-8187-812934a929f4" testListId="8c84fa94-04c1-424b-9868-57a2d4851a1d" />
    <TestEntry testId="655b7bb1-49d5-5597-f259-f9f5b67776b2" executionId="66eff3b1-9d7a-4331-b27b-eddca4d9d9b8" testListId="8c84fa94-04c1-424b-9868-57a2d4851a1d" />
    <TestEntry testId="f1df4d1f-b290-4b59-9acc-e89aa7d002af" executionId="7373dcba-e2e9-4267-9a61-c2c10b964545" testListId="8c84fa94-04c1-424b-9868-57a2d4851a1d" />
    <TestEntry testId="399755f4-4185-32bd-8cf7-d78ff8d1b058" executionId="c316d918-a411-4324-8355-1d5dea951664" testListId="8c84fa94-04c1-424b-9868-57a2d4851a1d" />
    <TestEntry testId="6f7a7f03-77af-7ad8-b1d1-0e9d9a667a61" executionId="ab523112-f76e-4bbd-9390-8d33f4d83a31" testListId="8c84fa94-04c1-424b-9868-57a2d4851a1d" />
    <TestEntry testId="e1ee9e90-c349-2326-a0d5-3adc7e5180de" executionId="3f4d3c99-84ca-437b-b23d-3bd7f906e675" testListId="8c84fa94-04c1-424b-9868-57a2d4851a1d" />
    <TestEntry testId="ae8eaf3b-165e-522e-07e7-213d913db5e0" executionId="f2ee7018-398e-4920-8b9f-49bc4d9648ff" testListId="8c84fa94-04c1-424b-9868-57a2d4851a1d" />
    <TestEntry testId="6d40e6d2-0353-5eb3-faa7-297a0e3cc659" executionId="94a3e90e-e9ce-40a4-b7da-ed20fce5f238" testListId="8c84fa94-04c1-424b-9868-57a2d4851a1d" />
    <TestEntry testId="7950bb25-50b1-5a7b-414e-d26bf0cdf287" executionId="57ab5843-64eb-4863-b2b3-b576d62b5c3b" testListId="8c84fa94-04c1-424b-9868-57a2d4851a1d" />
    <TestEntry testId="fb4c01bd-911a-267c-f5b5-3d286e15e006" executionId="3108a665-35c8-4baa-b035-9bf761b6a1b5" testListId="8c84fa94-04c1-424b-9868-57a2d4851a1d" />
    <TestEntry testId="6b75fbd5-9bd4-6bd9-d995-0268b8d600e6" executionId="bcf8295d-71a8-4d74-8105-4c9174b3016e" testListId="8c84fa94-04c1-424b-9868-57a2d4851a1d" />
    <TestEntry testId="c928f9b4-149a-4d71-b69b-2bae1f0f2606" executionId="7796408f-fa96-4748-8152-754dbe04190a" testListId="8c84fa94-04c1-424b-9868-57a2d4851a1d" />
    <TestEntry testId="63990d20-b9da-0cf2-966a-5ef7214d0687" executionId="fc84f44c-682c-4b26-b100-44cd80555b2a" testListId="8c84fa94-04c1-424b-9868-57a2d4851a1d" />
    <TestEntry testId="e86efa64-9b7e-97a7-fbc8-0c76712f16c2" executionId="982dcbfb-0cc4-485f-87e3-2ac5f21fcaaa" testListId="8c84fa94-04c1-424b-9868-57a2d4851a1d" />
    <TestEntry testId="ad1bf641-9648-e493-7ab5-651629e4249a" executionId="f4fb20a7-7f11-4b2d-88dc-30a54228ba04" testListId="8c84fa94-04c1-424b-9868-57a2d4851a1d" />
    <TestEntry testId="7c1ba016-2410-aca4-670f-7308ffecb84d" executionId="479c5176-bd8c-4c5e-bb0f-ea3321fae81d" testListId="8c84fa94-04c1-424b-9868-57a2d4851a1d" />
    <TestEntry testId="62d77142-b586-ab41-07d4-a71b4d76b900" executionId="18bbb8b2-36ae-4e2f-8b83-19337018ed61" testListId="8c84fa94-04c1-424b-9868-57a2d4851a1d" />
    <TestEntry testId="7ce2c1b4-10d4-8f1e-4879-03c210f410cf" executionId="6e56b8b2-8b56-47f7-8b76-88184365df17" testListId="8c84fa94-04c1-424b-9868-57a2d4851a1d" />
    <TestEntry testId="93c9e8a5-74d0-b703-6c62-3f79be6f01fd" executionId="11ca70e4-bab5-4837-a6f4-bc7539b5b6ae" testListId="8c84fa94-04c1-424b-9868-57a2d4851a1d" />
    <TestEntry testId="5da5cc5a-8355-7316-3f3b-05ed0cbf08a4" executionId="6a74c821-6626-49bc-b8f4-4ef0010fa645" testListId="8c84fa94-04c1-424b-9868-57a2d4851a1d" />
    <TestEntry testId="97b311f1-d335-9151-d723-e998656b2133" executionId="18839e4f-2f07-43c8-9cef-b599ad5880ee" testListId="8c84fa94-04c1-424b-9868-57a2d4851a1d" />
    <TestEntry testId="9555f52a-d4b8-3db2-045d-3ed9532cefe9" executionId="3d8715c8-ebe5-4634-bcae-db97f9e0d552" testListId="8c84fa94-04c1-424b-9868-57a2d4851a1d" />
    <TestEntry testId="0cba1dd5-7e8f-6de9-b1cf-c41724768699" executionId="f6366862-48ea-4ff7-b284-b3c4f396f96e" testListId="8c84fa94-04c1-424b-9868-57a2d4851a1d" />
    <TestEntry testId="3cbb389e-4e47-4807-09f2-8631fabb4351" executionId="4612b374-c44b-4760-bd41-980b232a22a1" testListId="8c84fa94-04c1-424b-9868-57a2d4851a1d" />
  </TestEntries>
  <TestLists>
    <TestList name="Ergebnisse nicht in einer Liste" id="8c84fa94-04c1-424b-9868-57a2d4851a1d" />
    <TestList name="Alle geladenen Ergebnisse" id="19431567-8539-422a-85d7-44ee4e166bda" />
  </TestLists>
  <ResultSummary outcome="Failed">
    <Counters total="35" executed="35" passed="4" failed="31" error="0" timeout="0" aborted="0" inconclusive="0" passedButRunAborted="0" notRunnable="0" notExecuted="0" disconnected="0" warning="0" completed="0" inProgress="0" pending="0" />
    <Output>
      <StdOut>[xUnit.net 00:00:00.00] xUnit.net VSTest Adapter v2.4.5+1caef2f33e (64-bit .NET 8.0.24)
[xUnit.net 00:00:00.53]   Discovering: E2EProject
[xUnit.net 00:00:00.56]   Discovered:  E2EProject
[xUnit.net 00:00:00.56]   Starting:    E2EProject
[xUnit.net 00:00:13.67]       Microsoft.Playwright.PlaywrightException : Connection disposed
[xUnit.net 00:00:13.67]       Stack Trace:
[xUnit.net 00:00:13.67]         /_/src/Playwright/Transport/Connection.cs(108,0): at Microsoft.Playwright.Transport.Connection.InnerSendMessageToServerAsync[T](String guid, String method, Object args)
[xUnit.net 00:00:13.67]         /_/src/Playwright/Transport/Connection.cs(482,0): at Microsoft.Playwright.Transport.Connection.WrapApiCallAsync[T](Func`1 action, Boolean isInternal)
[xUnit.net 00:00:13.67]         /_/src/Playwright/Core/BrowserContext.cs(202,0): at Microsoft.Playwright.Core.BrowserContext.CloseAsync()
[xUnit.net 00:00:13.67]         /opt/multiroom-repo/tests/E2EProject/CustomSinksE2ETests.cs(41,0): at MultiRoomAudio.E2ETests.CustomSinksE2ETests.DisposeAsync()
[xUnit.net 00:00:13.67]       Microsoft.Playwright.PlaywrightException : Connection disposed
[xUnit.net 00:00:13.67]       Stack Trace:
[xUnit.net 00:00:13.67]         /_/src/Playwright/Transport/Connection.cs(108,0): at Microsoft.Playwright.Transport.Connection.InnerSendMessageToServerAsync[T](String guid, String method, Object args)
[xUnit.net 00:00:13.67]         /_/src/Playwright/Transport/Connection.cs(482,0): at Microsoft.Playwright.Transport.Connection.WrapApiCallAsync[T](Func`1 action, Boolean isInternal)
[xUnit.net 00:00:13.67]         /_/src/Playwright/Core/Browser.cs(98,0): at Microsoft.Playwright.Core.Browser.NewContextAsync(BrowserNewContextOptions options)
[xUnit.net 00:00:13.67]         /opt/multiroom-repo/tests/E2EProject/PlaywrightFixture.cs(23,0): at MultiRoomAudio.E2ETests.PlaywrightFixture.&lt;CreatePageAsync&gt;b__10_0()
[xUnit.net 00:00:13.67]         /opt/multiroom-repo/tests/E2EProject/CustomSinksE2ETests.cs(23,0): at MultiRoomAudio.E2ETests.CustomSinksE2ETests.InitializeAsync()
[xUnit.net 00:00:13.67]       Microsoft.Playwright.PlaywrightException : Connection disposed
[xUnit.net 00:00:13.67]       Stack Trace:
[xUnit.net 00:00:13.67]         /_/src/Playwright/Transport/Connection.cs(108,0): at Microsoft.Playwright.Transport.Connection.InnerSendMessageToServerAsync[T](String guid, String method, Object args)
[xUnit.net 00:00:13.67]         /_/src/Playwright/Transport/Connection.cs(482,0): at Microsoft.Playwright.Transport.Connection.WrapApiCallAsync[T](Func`1 action, Boolean isInternal)
[xUnit.net 00:00:13.67]         /_/src/Playwright/Core/Browser.cs(98,0): at Microsoft.Playwright.Core.Browser.NewContextAsync(BrowserNewContextOptions options)
[xUnit.net 00:00:13.67]         /opt/multiroom-repo/tests/E2EProject/PlaywrightFixture.cs(23,0): at MultiRoomAudio.E2ETests.PlaywrightFixture.&lt;CreatePageAsync&gt;b__10_0()
[xUnit.net 00:00:13.67]         /opt/multiroom-repo/tests/E2EProject/CustomSinksE2ETests.cs(23,0): at MultiRoomAudio.E2ETests.CustomSinksE2ETests.InitializeAsync()
[xUnit.net 00:00:13.67]       Microsoft.Playwright.PlaywrightException : Connection disposed
[xUnit.net 00:00:13.67]       Stack Trace:
[xUnit.net 00:00:13.67]         /_/src/Playwright/Transport/Connection.cs(108,0): at Microsoft.Playwright.Transport.Connection.InnerSendMessageToServerAsync[T](String guid, String method, Object args)
[xUnit.net 00:00:13.67]         /_/src/Playwright/Transport/Connection.cs(482,0): at Microsoft.Playwright.Transport.Connection.WrapApiCallAsync[T](Func`1 action, Boolean isInternal)
[xUnit.net 00:00:13.67]         /_/src/Playwright/Core/Browser.cs(98,0): at Microsoft.Playwright.Core.Browser.NewContextAsync(BrowserNewContextOptions options)
[xUnit.net 00:00:13.67]         /opt/multiroom-repo/tests/E2EProject/PlaywrightFixture.cs(23,0): at MultiRoomAudio.E2ETests.PlaywrightFixture.&lt;CreatePageAsync&gt;b__10_0()
[xUnit.net 00:00:13.67]         /opt/multiroom-repo/tests/E2EProject/CustomSinksE2ETests.cs(23,0): at MultiRoomAudio.E2ETests.CustomSinksE2ETests.InitializeAsync()
[xUnit.net 00:00:13.67]       Microsoft.Playwright.PlaywrightException : Connection disposed
[xUnit.net 00:00:13.67]       Stack Trace:
[xUnit.net 00:00:13.67]         /_/src/Playwright/Transport/Connection.cs(108,0): at Microsoft.Playwright.Transport.Connection.InnerSendMessageToServerAsync[T](String guid, String method, Object args)
[xUnit.net 00:00:13.67]         /_/src/Playwright/Transport/Connection.cs(482,0): at Microsoft.Playwright.Transport.Connection.WrapApiCallAsync[T](Func`1 action, Boolean isInternal)
[xUnit.net 00:00:13.67]         /_/src/Playwright/Core/Browser.cs(98,0): at Microsoft.Playwright.Core.Browser.NewContextAsync(BrowserNewContextOptions options)
[xUnit.net 00:00:13.67]         /opt/multiroom-repo/tests/E2EProject/PlaywrightFixture.cs(23,0): at MultiRoomAudio.E2ETests.PlaywrightFixture.&lt;CreatePageAsync&gt;b__10_0()
[...]
[xUnit.net 00:00:13.69]         /_/src/Playwright/Transport/Connection.cs(482,0): at Microsoft.Playwright.Transport.Connection.WrapApiCallAsync[T](Func`1 action, Boolean isInternal)
[xUnit.net 00:00:13.69]         /_/src/Playwright/Core/Browser.cs(98,0): at Microsoft.Playwright.Core.Browser.NewContextAsync(BrowserNewContextOptions options)
[xUnit.net 00:00:13.69]         /opt/multiroom-repo/tests/E2EProject/PlaywrightFixture.cs(23,0): at MultiRoomAudio.E2ETests.PlaywrightFixture.&lt;CreatePageAsync&gt;b__10_0()
[xUnit.net 00:00:13.69]         /opt/multiroom-repo/tests/E2EProject/TriggersE2ETests.cs(23,0): at MultiRoomAudio.E2ETests.TriggersE2ETests.InitializeAsync()
[xUnit.net 00:00:13.69]       Microsoft.Playwright.PlaywrightException : Connection disposed
[xUnit.net 00:00:13.69]       Stack Trace:
[xUnit.net 00:00:13.69]         /_/src/Playwright/Transport/Connection.cs(108,0): at Microsoft.Playwright.Transport.Connection.InnerSendMessageToServerAsync[T](String guid, String method, Object args)
[xUnit.net 00:00:13.69]         /_/src/Playwright/Transport/Connection.cs(482,0): at Microsoft.Playwright.Transport.Connection.WrapApiCallAsync[T](Func`1 action, Boolean isInternal)
[xUnit.net 00:00:13.69]         /_/src/Playwright/Core/Browser.cs(98,0): at Microsoft.Playwright.Core.Browser.NewContextAsync(BrowserNewContextOptions options)
[xUnit.net 00:00:13.69]         /opt/multiroom-repo/tests/E2EProject/PlaywrightFixture.cs(23,0): at MultiRoomAudio.E2ETests.PlaywrightFixture.&lt;CreatePageAsync&gt;b__10_0()
[xUnit.net 00:00:13.69]         /opt/multiroom-repo/tests/E2EProject/TriggersE2ETests.cs(23,0): at MultiRoomAudio.E2ETests.TriggersE2ETests.InitializeAsync()
[xUnit.net 00:00:13.70]       Microsoft.Playwright.PlaywrightException : Connection disposed
[xUnit.net 00:00:13.70]       Stack Trace:
[xUnit.net 00:00:13.70]         /_/src/Playwright/Transport/Connection.cs(108,0): at Microsoft.Playwright.Transport.Connection.InnerSendMessageToServerAsync[T](String guid, String method, Object args)
[xUnit.net 00:00:13.70]         /_/src/Playwright/Transport/Connection.cs(482,0): at Microsoft.Playwright.Transport.Connection.WrapApiCallAsync[T](Func`1 action, Boolean isInternal)
[xUnit.net 00:00:13.70]         /_/src/Playwright/Core/Browser.cs(98,0): at Microsoft.Playwright.Core.Browser.NewContextAsync(BrowserNewContextOptions options)
[xUnit.net 00:00:13.70]         /opt/multiroom-repo/tests/E2EProject/PlaywrightFixture.cs(23,0): at MultiRoomAudio.E2ETests.PlaywrightFixture.&lt;CreatePageAsync&gt;b__10_0()
[xUnit.net 00:00:13.70]         /opt/multiroom-repo/tests/E2EProject/TriggersE2ETests.cs(23,0): at MultiRoomAudio.E2ETests.TriggersE2ETests.InitializeAsync()
[xUnit.net 00:00:13.70]       Microsoft.Playwright.PlaywrightException : Connection disposed
[xUnit.net 00:00:13.70]       Stack Trace:
[xUnit.net 00:00:13.70]         /_/src/Playwright/Transport/Connection.cs(108,0): at Microsoft.Playwright.Transport.Connection.InnerSendMessageToServerAsync[T](String guid, String method, Object args)
[xUnit.net 00:00:13.70]         /_/src/Playwright/Transport/Connection.cs(482,0): at Microsoft.Playwright.Transport.Connection.WrapApiCallAsync[T](Func`1 action, Boolean isInternal)
[xUnit.net 00:00:13.70]         /_/src/Playwright/Core/Browser.cs(98,0): at Microsoft.Playwright.Core.Browser.NewContextAsync(BrowserNewContextOptions options)
[xUnit.net 00:00:13.70]         /opt/multiroom-repo/tests/E2EProject/PlaywrightFixture.cs(23,0): at MultiRoomAudio.E2ETests.PlaywrightFixture.&lt;CreatePageAsync&gt;b__10_0()
[xUnit.net 00:00:13.70]         /opt/multiroom-repo/tests/E2EProject/TriggersE2ETests.cs(23,0): at MultiRoomAudio.E2ETests.TriggersE2ETests.InitializeAsync()
[xUnit.net 00:00:13.70]       Microsoft.Playwright.PlaywrightException : Connection disposed
[xUnit.net 00:00:13.70]       Stack Trace:
[xUnit.net 00:00:13.70]         /_/src/Playwright/Transport/Connection.cs(108,0): at Microsoft.Playwright.Transport.Connection.InnerSendMessageToServerAsync[T](String guid, String method, Object args)
[xUnit.net 00:00:13.70]         /_/src/Playwright/Transport/Connection.cs(482,0): at Microsoft.Playwright.Transport.Connection.WrapApiCallAsync[T](Func`1 action, Boolean isInternal)
[xUnit.net 00:00:13.70]         /_/src/Playwright/Core/Browser.cs(98,0): at Microsoft.Playwright.Core.Browser.NewContextAsync(BrowserNewContextOptions options)
[xUnit.net 00:00:13.70]         /opt/multiroom-repo/tests/E2EProject/PlaywrightFixture.cs(23,0): at MultiRoomAudio.E2ETests.PlaywrightFixture.&lt;CreatePageAsync&gt;b__10_0()
[xUnit.net 00:00:13.70]         /opt/multiroom-repo/tests/E2EProject/TriggersE2ETests.cs(23,0): at MultiRoomAudio.E2ETests.TriggersE2ETests.InitializeAsync()
[xUnit.net 00:00:13.70]       Microsoft.Playwright.PlaywrightException : Connection disposed
[xUnit.net 00:00:13.70]       Stack Trace:
[xUnit.net 00:00:13.70]         /_/src/Playwright/Transport/Connection.cs(108,0): at Microsoft.Playwright.Transport.Connection.InnerSendMessageToServerAsync[T](String guid, String method, Object args)
[xUnit.net 00:00:13.70]         /_/src/Playwright/Transport/Connection.cs(482,0): at Microsoft.Playwright.Transport.Connection.WrapApiCallAsync[T](Func`1 action, Boolean isInternal)
[xUnit.net 00:00:13.70]         /_/src/Playwright/Core/Browser.cs(98,0): at Microsoft.Playwright.Core.Browser.NewContextAsync(BrowserNewContextOptions options)
[xUnit.net 00:00:13.70]         /opt/multiroom-repo/tests/E2EProject/PlaywrightFixture.cs(23,0): at MultiRoomAudio.E2ETests.PlaywrightFixture.&lt;CreatePageAsync&gt;b__10_0()
[xUnit.net 00:00:13.70]         /opt/multiroom-repo/tests/E2EProject/TriggersE2ETests.cs(23,0): at MultiRoomAudio.E2ETests.TriggersE2ETests.InitializeAsync()
[xUnit.net 00:00:13.71]       Microsoft.Playwright.PlaywrightException : Connection disposed
[xUnit.net 00:00:13.71]       Stack Trace:
[xUnit.net 00:00:13.71]         /_/src/Playwright/Transport/Connection.cs(108,0): at Microsoft.Playwright.Transport.Connection.InnerSendMessageToServerAsync[T](String guid, String method, Object args)
[xUnit.net 00:00:13.71]         /_/src/Playwright/Transport/Connection.cs(482,0): at Microsoft.Playwright.Transport.Connection.WrapApiCallAsync[T](Func`1 action, Boolean isInternal)
[xUnit.net 00:00:13.71]         /_/src/Playwright/Core/Browser.cs(98,0): at Microsoft.Playwright.Core.Browser.NewContextAsync(BrowserNewContextOptions options)
[xUnit.net 00:00:13.71]         /opt/multiroom-repo/tests/E2EProject/PlaywrightFixture.cs(23,0): at MultiRoomAudio.E2ETests.PlaywrightFixture.&lt;CreatePageAsync&gt;b__10_0()
[xUnit.net 00:00:13.71]         /opt/multiroom-repo/tests/E2EProject/TriggersE2ETests.cs(23,0): at MultiRoomAudio.E2ETests.TriggersE2ETests.InitializeAsync()
[xUnit.net 00:00:13.71]       Microsoft.Playwright.PlaywrightException : Connection disposed
[xUnit.net 00:00:13.71]       Stack Trace:
[xUnit.net 00:00:13.71]         /_/src/Playwright/Transport/Connection.cs(108,0): at Microsoft.Playwright.Transport.Connection.InnerSendMessageToServerAsync[T](String guid, String method, Object args)
[xUnit.net 00:00:13.71]         /_/src/Playwright/Transport/Connection.cs(482,0): at Microsoft.Playwright.Transport.Connection.WrapApiCallAsync[T](Func`1 action, Boolean isInternal)
[xUnit.net 00:00:13.71]         /_/src/Playwright/Core/Browser.cs(98,0): at Microsoft.Playwright.Core.Browser.NewContextAsync(BrowserNewContextOptions options)
[xUnit.net 00:00:13.71]         /opt/multiroom-repo/tests/E2EProject/PlaywrightFixture.cs(23,0): at MultiRoomAudio.E2ETests.PlaywrightFixture.&lt;CreatePageAsync&gt;b__10_0()
[xUnit.net 00:00:13.71]         /opt/multiroom-repo/tests/E2EProject/TriggersE2ETests.cs(23,0): at MultiRoomAudio.E2ETests.TriggersE2ETests.InitializeAsync()
[xUnit.net 00:00:13.71]       Microsoft.Playwright.PlaywrightException : Connection disposed
[xUnit.net 00:00:13.71]       Stack Trace:
[xUnit.net 00:00:13.71]         /_/src/Playwright/Transport/Connection.cs(108,0): at Microsoft.Playwright.Transport.Connection.InnerSendMessageToServerAsync[T](String guid, String method, Object args)
[xUnit.net 00:00:13.71]         /_/src/Playwright/Transport/Connection.cs(482,0): at Microsoft.Playwright.Transport.Connection.WrapApiCallAsync[T](Func`1 action, Boolean isInternal)
[xUnit.net 00:00:13.71]         /_/src/Playwright/Core/Browser.cs(98,0): at Microsoft.Playwright.Core.Browser.NewContextAsync(BrowserNewContextOptions options)
[xUnit.net 00:00:13.71]         /opt/multiroom-repo/tests/E2EProject/PlaywrightFixture.cs(23,0): at MultiRoomAudio.E2ETests.PlaywrightFixture.&lt;CreatePageAsync&gt;b__10_0()
[xUnit.net 00:00:13.71]         /opt/multiroom-repo/tests/E2EProject/TriggersE2ETests.cs(23,0): at MultiRoomAudio.E2ETests.TriggersE2ETests.InitializeAsync()
[xUnit.net 00:00:13.71]       Microsoft.Playwright.PlaywrightException : Connection disposed
[xUnit.net 00:00:13.71]       Stack Trace:
[xUnit.net 00:00:13.71]         /_/src/Playwright/Transport/Connection.cs(108,0): at Microsoft.Playwright.Transport.Connection.InnerSendMessageToServerAsync[T](String guid, String method, Object args)
[xUnit.net 00:00:13.71]         /_/src/Playwright/Transport/Connection.cs(482,0): at Microsoft.Playwright.Transport.Connection.WrapApiCallAsync[T](Func`1 action, Boolean isInternal)
[xUnit.net 00:00:13.71]         /_/src/Playwright/Core/Browser.cs(98,0): at Microsoft.Playwright.Core.Browser.NewContextAsync(BrowserNewContextOptions options)
[xUnit.net 00:00:13.71]         /opt/multiroom-repo/tests/E2EProject/PlaywrightFixture.cs(23,0): at MultiRoomAudio.E2ETests.PlaywrightFixture.&lt;CreatePageAsync&gt;b__10_0()
[xUnit.net 00:00:13.71]         /opt/multiroom-repo/tests/E2EProject/TriggersE2ETests.cs(23,0): at MultiRoomAudio.E2ETests.TriggersE2ETests.InitializeAsync()
[xUnit.net 00:00:13.72]       Microsoft.Playwright.PlaywrightException : Connection disposed
[xUnit.net 00:00:13.72]       Stack Trace:
[xUnit.net 00:00:13.72]         /_/src/Playwright/Transport/Connection.cs(108,0): at Microsoft.Playwright.Transport.Connection.InnerSendMessageToServerAsync[T](String guid, String method, Object args)
[xUnit.net 00:00:13.72]         /_/src/Playwright/Transport/Connection.cs(482,0): at Microsoft.Playwright.Transport.Connection.WrapApiCallAsync[T](Func`1 action, Boolean isInternal)
[xUnit.net 00:00:13.72]         /_/src/Playwright/Core/Browser.cs(98,0): at Microsoft.Playwright.Core.Browser.NewContextAsync(BrowserNewContextOptions options)
[xUnit.net 00:00:13.72]         /opt/multiroom-repo/tests/E2EProject/PlaywrightFixture.cs(23,0): at MultiRoomAudio.E2ETests.PlaywrightFixture.&lt;CreatePageAsync&gt;b__10_0()
[xUnit.net 00:00:13.72]         /opt/multiroom-repo/tests/E2EProject/TriggersE2ETests.cs(23,0): at MultiRoomAudio.E2ETests.TriggersE2ETests.InitializeAsync()
[xUnit.net 00:00:13.72]       Microsoft.Playwright.PlaywrightException : Connection disposed
[xUnit.net 00:00:13.72]       Stack Trace:
[xUnit.net 00:00:13.72]         /_/src/Playwright/Transport/Connection.cs(108,0): at Microsoft.Playwright.Transport.Connection.InnerSendMessageToServerAsync[T](String guid, String method, Object args)
[xUnit.net 00:00:13.72]         /_/src/Playwright/Transport/Connection.cs(482,0): at Microsoft.Playwright.Transport.Connection.WrapApiCallAsync[T](Func`1 action, Boolean isInternal)
[xUnit.net 00:00:13.72]         /_/src/Playwright/Core/Browser.cs(98,0): at Microsoft.Playwright.Core.Browser.NewContextAsync(BrowserNewContextOptions options)
[xUnit.net 00:00:13.72]         /opt/multiroom-repo/tests/E2EProject/PlaywrightFixture.cs(23,0): at MultiRoomAudio.E2ETests.PlaywrightFixture.&lt;CreatePageAsync&gt;b__10_0()
[xUnit.net 00:00:13.72]         /opt/multiroom-repo/tests/E2EProject/TriggersE2ETests.cs(23,0): at MultiRoomAudio.E2ETests.TriggersE2ETests.InitializeAsync()
[xUnit.net 00:00:13.73]   Finished:    E2EProject
</StdOut>
    </Output>
    <RunInfos>
      <RunInfo computerName="multiroom-audio" outcome="Error" timestamp="2026-02-21T23:50:29.6108271+01:00">
        <Text>[xUnit.net 00:00:13.66]     MultiRoomAudio.E2ETests.CustomSinksE2ETests.CreatePlayerWithCustomSink_ViaAPI_ReturnsError [FAIL]</Text>
      </RunInfo>
      <RunInfo computerName="multiroom-audio" outcome="Error" timestamp="2026-02-21T23:50:29.6228105+01:00">
        <Text>[xUnit.net 00:00:13.67]     MultiRoomAudio.E2ETests.CustomSinksE2ETests.DeleteSink_ViaUI_RemovesFromList [FAIL]</Text>
      </RunInfo>
      <RunInfo computerName="multiroom-audio" outcome="Error" timestamp="2026-02-21T23:50:29.6229671+01:00">
        <Text>[xUnit.net 00:00:13.67]     MultiRoomAudio.E2ETests.CustomSinksE2ETests.OpenRemapSinkForm_HasChannelMappingUI [FAIL]</Text>
      </RunInfo>
      <RunInfo computerName="multiroom-audio" outcome="Error" timestamp="2026-02-21T23:50:29.6230098+01:00">
        <Text>[xUnit.net 00:00:13.67]     MultiRoomAudio.E2ETests.CustomSinksE2ETests.CreateCombineSink_ViaAPI_AppearsInUI [FAIL]</Text>
      </RunInfo>
      <RunInfo computerName="multiroom-audio" outcome="Error" timestamp="2026-02-21T23:50:29.6230395+01:00">
        <Text>[xUnit.net 00:00:13.67]     MultiRoomAudio.E2ETests.CustomSinksE2ETests.DeviceDropdown_ContainsCustomSinks [FAIL]</Text>
      </RunInfo>
      <RunInfo computerName="multiroom-audio" outcome="Error" timestamp="2026-02-21T23:50:29.6230660+01:00">
        <Text>[xUnit.net 00:00:13.67]     MultiRoomAudio.E2ETests.CustomSinksE2ETests.CustomSinksModal_OpensFromNavbar [FAIL]</Text>
      </RunInfo>
      <RunInfo computerName="multiroom-audio" outcome="Error" timestamp="2026-02-21T23:50:29.6267401+01:00">
        <Text>[xUnit.net 00:00:13.68]     MultiRoomAudio.E2ETests.CustomSinksE2ETests.PlayTestTone_ButtonExists [FAIL]</Text>
      </RunInfo>
      <RunInfo computerName="multiroom-audio" outcome="Error" timestamp="2026-02-21T23:50:29.6267799+01:00">
        <Text>[xUnit.net 00:00:13.68]     MultiRoomAudio.E2ETests.CustomSinksE2ETests.CustomSinksModal_HasCreateButtons [FAIL]</Text>
      </RunInfo>
      <RunInfo computerName="multiroom-audio" outcome="Error" timestamp="2026-02-21T23:50:29.6268132+01:00">
        <Text>[xUnit.net 00:00:13.68]     MultiRoomAudio.E2ETests.CustomSinksE2ETests.CreateRemapSink_ViaAPI_AppearsInUI [FAIL]</Text>
      </RunInfo>
      <RunInfo computerName="multiroom-audio" outcome="Error" timestamp="2026-02-21T23:50:29.6320724+01:00">
        <Text>[xUnit.net 00:00:13.68]     MultiRoomAudio.E2ETests.CustomSinksE2ETests.PlayTestTone_ViaAPI_Succeeds [FAIL]</Text>
      </RunInfo>
      <RunInfo computerName="multiroom-audio" outcome="Error" timestamp="2026-02-21T23:50:29.6320991+01:00">
        <Text>[xUnit.net 00:00:13.68]     MultiRoomAudio.E2ETests.TriggersE2ETests.ConfigureTrigger_ViaAPI_Succeeds [FAIL]</Text>
      </RunInfo>
      <RunInfo computerName="multiroom-audio" outcome="Error" timestamp="2026-02-21T23:50:29.6321397+01:00">
        <Text>[xUnit.net 00:00:13.68]     MultiRoomAudio.E2ETests.TriggersE2ETests.GetTriggers_ViaAPI_ReturnsStatus [FAIL]</Text>
      </RunInfo>
      <RunInfo computerName="multiroom-audio" outcome="Error" timestamp="2026-02-21T23:50:29.6321663+01:00">
        <Text>[xUnit.net 00:00:13.68]     MultiRoomAudio.E2ETests.TriggersE2ETests.TriggersSection_ShowsChannelList [FAIL]</Text>
      </RunInfo>
      <RunInfo computerName="multiroom-audio" outcome="Error" timestamp="2026-02-21T23:50:29.6322009+01:00">
        <Text>[xUnit.net 00:00:13.68]     MultiRoomAudio.E2ETests.TriggersE2ETests.TriggerChannel_HasDelayInput [FAIL]</Text>
      </RunInfo>
      <RunInfo computerName="multiroom-audio" outcome="Error" timestamp="2026-02-21T23:50:29.6322274+01:00">
        <Text>[xUnit.net 00:00:13.68]     MultiRoomAudio.E2ETests.TriggersE2ETests.RelayHardware_DetectionShown [FAIL]</Text>
      </RunInfo>
      <RunInfo computerName="multiroom-audio" outcome="Error" timestamp="2026-02-21T23:50:29.6322711+01:00">
        <Text>[xUnit.net 00:00:13.68]     MultiRoomAudio.E2ETests.TriggersE2ETests.TriggerChannel_HasDevicePatternInput [FAIL]</Text>
      </RunInfo>
      <RunInfo computerName="multiroom-audio" outcome="Error" timestamp="2026-02-21T23:50:29.6332195+01:00">
        <Text>[xUnit.net 00:00:13.68]     MultiRoomAudio.E2ETests.TriggersE2ETests.TriggerConfig_SaveButton_Works [FAIL]</Text>
      </RunInfo>
      <RunInfo computerName="multiroom-audio" outcome="Error" timestamp="2026-02-21T23:50:29.6333176+01:00">
        <Text>[xUnit.net 00:00:13.68]     MultiRoomAudio.E2ETests.TriggersE2ETests.TriggerOffDelay_RejectsNegativeValues [FAIL]</Text>
      </RunInfo>
      <RunInfo computerName="multiroom-audio" outcome="Error" timestamp="2026-02-21T23:50:29.6424567+01:00">
        <Text>[xUnit.net 00:00:13.69]     MultiRoomAudio.E2ETests.TriggersE2ETests.TriggerStatus_UpdatesInRealTime [FAIL]</Text>
      </RunInfo>
      <RunInfo computerName="multiroom-audio" outcome="Error" timestamp="2026-02-21T23:50:29.6424918+01:00">
        <Text>[xUnit.net 00:00:13.69]     MultiRoomAudio.E2ETests.TriggersE2ETests.TriggerMasterToggle_Exists [FAIL]</Text>
      </RunInfo>
      <RunInfo computerName="multiroom-audio" outcome="Error" timestamp="2026-02-21T23:50:29.6425160+01:00">
        <Text>[xUnit.net 00:00:13.69]     MultiRoomAudio.E2ETests.TriggersE2ETests.TriggersSection_VisibleInCustomSinksModal [FAIL]</Text>
      </RunInfo>
      <RunInfo computerName="multiroom-audio" outcome="Error" timestamp="2026-02-21T23:50:29.6504538+01:00">
        <Text>[xUnit.net 00:00:13.70]     MultiRoomAudio.E2ETests.TriggersE2ETests.MultipleChannels_IndependentConfiguration [FAIL]</Text>
      </RunInfo>
      <RunInfo computerName="multiroom-audio" outcome="Error" timestamp="2026-02-21T23:50:29.6505047+01:00">
        <Text>[xUnit.net 00:00:13.70]     MultiRoomAudio.E2ETests.TriggersE2ETests.TriggerConfig_ShowsValidationErrors [FAIL]</Text>
      </RunInfo>
      <RunInfo computerName="multiroom-audio" outcome="Error" timestamp="2026-02-21T23:50:29.6505387+01:00">
        <Text>[xUnit.net 00:00:13.70]     MultiRoomAudio.E2ETests.TriggersE2ETests.TriggerStatus_ShowsChannelState [FAIL]</Text>
      </RunInfo>
      <RunInfo computerName="multiroom-audio" outcome="Error" timestamp="2026-02-21T23:50:29.6517520+01:00">
        <Text>[xUnit.net 00:00:13.70]     MultiRoomAudio.E2ETests.TriggersE2ETests.TriggerMasterToggle_EnablesDisables [FAIL]</Text>
      </RunInfo>
      <RunInfo computerName="multiroom-audio" outcome="Error" timestamp="2026-02-21T23:50:29.6527720+01:00">
        <Text>[xUnit.net 00:00:13.71]     MultiRoomAudio.E2ETests.TriggersE2ETests.TriggerChannel_InvalidChannel_ReturnsBadRequest [FAIL]</Text>
      </RunInfo>
      <RunInfo computerName="multiroom-audio" outcome="Error" timestamp="2026-02-21T23:50:29.6561655+01:00">
        <Text>[xUnit.net 00:00:13.71]     MultiRoomAudio.E2ETests.TriggersE2ETests.TriggerChannelMapping_ToCustomSink_Works [FAIL]</Text>
      </RunInfo>
      <RunInfo computerName="multiroom-audio" outcome="Error" timestamp="2026-02-21T23:50:29.6609410+01:00">
        <Text>[xUnit.net 00:00:13.71]     MultiRoomAudio.E2ETests.TriggersE2ETests.TriggerChannel_HasSinkSelector [FAIL]</Text>
      </RunInfo>
      <RunInfo computerName="multiroom-audio" outcome="Error" timestamp="2026-02-21T23:50:29.6609731+01:00">
        <Text>[xUnit.net 00:00:13.71]     MultiRoomAudio.E2ETests.TriggersE2ETests.RelayHardware_StatusEndpoint_Returns [FAIL]</Text>
      </RunInfo>
      <RunInfo computerName="multiroom-audio" outcome="Error" timestamp="2026-02-21T23:50:29.6661064+01:00">
        <Text>[xUnit.net 00:00:13.72]     MultiRoomAudio.E2ETests.TriggersE2ETests.AllChannels_DisplayedInUI [FAIL]</Text>
      </RunInfo>
      <RunInfo computerName="multiroom-audio" outcome="Error" timestamp="2026-02-21T23:50:29.6661567+01:00">
        <Text>[xUnit.net 00:00:13.72]     MultiRoomAudio.E2ETests.TriggersE2ETests.TriggerOffDelay_AcceptsValidValues [FAIL]</Text>
      </RunInfo>
    </RunInfos>
  </ResultSummary>
</TestRun>